RepeatMasker version 4.1.5
Search Engine: NCBI/RMBLAST [ 2.14.0+ ]
Using Custom Repeat Library: L_infantum-families.fa


analyzing file L_infantum_ALL_36Chr.fasta
identifying Simple Repeats in batch 1 of 584
identifying matches to L_infantum-families.fa sequences in batch 1 of 584
identifying Simple Repeats in batch 1 of 584
identifying Simple Repeats in batch 2 of 584
identifying matches to L_infantum-families.fa sequences in batch 2 of 584
identifying Simple Repeats in batch 2 of 584
identifying Simple Repeats in batch 3 of 584
identifying matches to L_infantum-families.fa sequences in batch 3 of 584
identifying Simple Repeats in batch 3 of 584
identifying Simple Repeats in batch 4 of 584
identifying matches to L_infantum-families.fa sequences in batch 4 of 584
identifying Simple Repeats in batch 4 of 584
identifying Simple Repeats in batch 5 of 584
identifying matches to L_infantum-families.fa sequences in batch 5 of 584
identifying Simple Repeats in batch 5 of 584
identifying Simple Repeats in batch 6 of 584
identifying matches to L_infantum-families.fa sequences in batch 6 of 584
identifying Simple Repeats in batch 6 of 584
identifying Simple Repeats in batch 7 of 584
identifying matches to L_infantum-families.fa sequences in batch 7 of 584
identifying Simple Repeats in batch 7 of 584
identifying Simple Repeats in batch 8 of 584
identifying matches to L_infantum-families.fa sequences in batch 8 of 584
identifying Simple Repeats in batch 8 of 584
identifying Simple Repeats in batch 9 of 584
identifying matches to L_infantum-families.fa sequences in batch 9 of 584
identifying Simple Repeats in batch 9 of 584
identifying Simple Repeats in batch 10 of 584
identifying matches to L_infantum-families.fa sequences in batch 10 of 584
identifying Simple Repeats in batch 10 of 584
identifying Simple Repeats in batch 11 of 584
identifying matches to L_infantum-families.fa sequences in batch 11 of 584
identifying Simple Repeats in batch 11 of 584
identifying Simple Repeats in batch 12 of 584
identifying matches to L_infantum-families.fa sequences in batch 12 of 584
identifying Simple Repeats in batch 12 of 584
identifying Simple Repeats in batch 13 of 584
identifying matches to L_infantum-families.fa sequences in batch 13 of 584
identifying Simple Repeats in batch 13 of 584
identifying Simple Repeats in batch 14 of 584
identifying matches to L_infantum-families.fa sequences in batch 14 of 584
identifying Simple Repeats in batch 14 of 584
identifying Simple Repeats in batch 15 of 584
identifying matches to L_infantum-families.fa sequences in batch 15 of 584
identifying Simple Repeats in batch 15 of 584
identifying Simple Repeats in batch 16 of 584
identifying matches to L_infantum-families.fa sequences in batch 16 of 584
identifying Simple Repeats in batch 16 of 584
identifying Simple Repeats in batch 17 of 584
identifying matches to L_infantum-families.fa sequences in batch 17 of 584
identifying Simple Repeats in batch 17 of 584
identifying Simple Repeats in batch 18 of 584
identifying matches to L_infantum-families.fa sequences in batch 18 of 584
identifying Simple Repeats in batch 18 of 584
identifying Simple Repeats in batch 19 of 584
identifying matches to L_infantum-families.fa sequences in batch 19 of 584
identifying Simple Repeats in batch 19 of 584
identifying Simple Repeats in batch 20 of 584
identifying matches to L_infantum-families.fa sequences in batch 20 of 584
identifying Simple Repeats in batch 20 of 584
identifying Simple Repeats in batch 21 of 584
identifying matches to L_infantum-families.fa sequences in batch 21 of 584
identifying Simple Repeats in batch 21 of 584
identifying Simple Repeats in batch 22 of 584
identifying matches to L_infantum-families.fa sequences in batch 22 of 584
identifying Simple Repeats in batch 22 of 584
identifying Simple Repeats in batch 23 of 584
identifying matches to L_infantum-families.fa sequences in batch 23 of 584
identifying Simple Repeats in batch 23 of 584
identifying Simple Repeats in batch 24 of 584
identifying matches to L_infantum-families.fa sequences in batch 24 of 584
identifying Simple Repeats in batch 24 of 584
identifying Simple Repeats in batch 25 of 584
identifying matches to L_infantum-families.fa sequences in batch 25 of 584
identifying Simple Repeats in batch 25 of 584
identifying Simple Repeats in batch 26 of 584
identifying matches to L_infantum-families.fa sequences in batch 26 of 584
identifying Simple Repeats in batch 26 of 584
identifying Simple Repeats in batch 27 of 584
identifying matches to L_infantum-families.fa sequences in batch 27 of 584
identifying Simple Repeats in batch 27 of 584
identifying Simple Repeats in batch 28 of 584
identifying matches to L_infantum-families.fa sequences in batch 28 of 584
identifying Simple Repeats in batch 28 of 584
identifying Simple Repeats in batch 29 of 584
identifying matches to L_infantum-families.fa sequences in batch 29 of 584
identifying Simple Repeats in batch 29 of 584
identifying Simple Repeats in batch 30 of 584
identifying matches to L_infantum-families.fa sequences in batch 30 of 584
identifying Simple Repeats in batch 30 of 584
identifying Simple Repeats in batch 31 of 584
identifying matches to L_infantum-families.fa sequences in batch 31 of 584
identifying Simple Repeats in batch 31 of 584
identifying Simple Repeats in batch 32 of 584
identifying matches to L_infantum-families.fa sequences in batch 32 of 584
identifying Simple Repeats in batch 32 of 584
identifying Simple Repeats in batch 33 of 584
identifying matches to L_infantum-families.fa sequences in batch 33 of 584
identifying Simple Repeats in batch 33 of 584
identifying Simple Repeats in batch 34 of 584
identifying matches to L_infantum-families.fa sequences in batch 34 of 584
identifying Simple Repeats in batch 34 of 584
identifying Simple Repeats in batch 35 of 584
identifying matches to L_infantum-families.fa sequences in batch 35 of 584
identifying Simple Repeats in batch 35 of 584
identifying Simple Repeats in batch 36 of 584
identifying matches to L_infantum-families.fa sequences in batch 36 of 584
identifying Simple Repeats in batch 36 of 584
identifying Simple Repeats in batch 37 of 584
identifying matches to L_infantum-families.fa sequences in batch 37 of 584
identifying Simple Repeats in batch 37 of 584
identifying Simple Repeats in batch 38 of 584
identifying matches to L_infantum-families.fa sequences in batch 38 of 584
identifying Simple Repeats in batch 38 of 584
identifying Simple Repeats in batch 39 of 584
identifying matches to L_infantum-families.fa sequences in batch 39 of 584
identifying Simple Repeats in batch 39 of 584
identifying Simple Repeats in batch 40 of 584
identifying matches to L_infantum-families.fa sequences in batch 40 of 584
identifying Simple Repeats in batch 40 of 584
identifying Simple Repeats in batch 41 of 584
identifying matches to L_infantum-families.fa sequences in batch 41 of 584
identifying Simple Repeats in batch 41 of 584
identifying Simple Repeats in batch 42 of 584
identifying matches to L_infantum-families.fa sequences in batch 42 of 584
identifying Simple Repeats in batch 42 of 584
identifying Simple Repeats in batch 43 of 584
identifying matches to L_infantum-families.fa sequences in batch 43 of 584
identifying Simple Repeats in batch 43 of 584
identifying Simple Repeats in batch 44 of 584
identifying matches to L_infantum-families.fa sequences in batch 44 of 584
identifying Simple Repeats in batch 44 of 584
identifying Simple Repeats in batch 45 of 584
identifying matches to L_infantum-families.fa sequences in batch 45 of 584
identifying Simple Repeats in batch 45 of 584
identifying Simple Repeats in batch 46 of 584
identifying matches to L_infantum-families.fa sequences in batch 46 of 584
identifying Simple Repeats in batch 46 of 584
identifying Simple Repeats in batch 47 of 584
identifying matches to L_infantum-families.fa sequences in batch 47 of 584
identifying Simple Repeats in batch 47 of 584
identifying Simple Repeats in batch 48 of 584
identifying matches to L_infantum-families.fa sequences in batch 48 of 584
identifying Simple Repeats in batch 48 of 584
identifying Simple Repeats in batch 49 of 584
identifying matches to L_infantum-families.fa sequences in batch 49 of 584
identifying Simple Repeats in batch 49 of 584
identifying Simple Repeats in batch 50 of 584
identifying matches to L_infantum-families.fa sequences in batch 50 of 584
identifying Simple Repeats in batch 50 of 584
identifying Simple Repeats in batch 51 of 584
identifying matches to L_infantum-families.fa sequences in batch 51 of 584
identifying Simple Repeats in batch 51 of 584
identifying Simple Repeats in batch 52 of 584
identifying matches to L_infantum-families.fa sequences in batch 52 of 584
identifying Simple Repeats in batch 52 of 584
identifying Simple Repeats in batch 53 of 584
identifying matches to L_infantum-families.fa sequences in batch 53 of 584
identifying Simple Repeats in batch 53 of 584
identifying Simple Repeats in batch 54 of 584
identifying matches to L_infantum-families.fa sequences in batch 54 of 584
identifying Simple Repeats in batch 54 of 584
identifying Simple Repeats in batch 55 of 584
identifying matches to L_infantum-families.fa sequences in batch 55 of 584
identifying Simple Repeats in batch 55 of 584
identifying Simple Repeats in batch 56 of 584
identifying matches to L_infantum-families.fa sequences in batch 56 of 584
identifying Simple Repeats in batch 56 of 584
identifying Simple Repeats in batch 57 of 584
identifying matches to L_infantum-families.fa sequences in batch 57 of 584
identifying Simple Repeats in batch 57 of 584
identifying Simple Repeats in batch 58 of 584
identifying matches to L_infantum-families.fa sequences in batch 58 of 584
identifying Simple Repeats in batch 58 of 584
identifying Simple Repeats in batch 59 of 584
identifying matches to L_infantum-families.fa sequences in batch 59 of 584
identifying Simple Repeats in batch 59 of 584
identifying Simple Repeats in batch 60 of 584
identifying matches to L_infantum-families.fa sequences in batch 60 of 584
identifying Simple Repeats in batch 60 of 584
identifying Simple Repeats in batch 61 of 584
identifying matches to L_infantum-families.fa sequences in batch 61 of 584
identifying Simple Repeats in batch 61 of 584
identifying Simple Repeats in batch 62 of 584
identifying matches to L_infantum-families.fa sequences in batch 62 of 584
identifying Simple Repeats in batch 62 of 584
identifying Simple Repeats in batch 63 of 584
identifying matches to L_infantum-families.fa sequences in batch 63 of 584
identifying Simple Repeats in batch 63 of 584
identifying Simple Repeats in batch 64 of 584
identifying matches to L_infantum-families.fa sequences in batch 64 of 584
identifying Simple Repeats in batch 64 of 584
identifying Simple Repeats in batch 65 of 584
identifying matches to L_infantum-families.fa sequences in batch 65 of 584
identifying Simple Repeats in batch 65 of 584
identifying Simple Repeats in batch 66 of 584
identifying matches to L_infantum-families.fa sequences in batch 66 of 584
identifying Simple Repeats in batch 66 of 584
identifying Simple Repeats in batch 67 of 584
identifying matches to L_infantum-families.fa sequences in batch 67 of 584
identifying Simple Repeats in batch 67 of 584
identifying Simple Repeats in batch 68 of 584
identifying matches to L_infantum-families.fa sequences in batch 68 of 584
identifying Simple Repeats in batch 68 of 584
identifying Simple Repeats in batch 69 of 584
identifying matches to L_infantum-families.fa sequences in batch 69 of 584
identifying Simple Repeats in batch 69 of 584
identifying Simple Repeats in batch 70 of 584
identifying matches to L_infantum-families.fa sequences in batch 70 of 584
identifying Simple Repeats in batch 70 of 584
identifying Simple Repeats in batch 71 of 584
identifying matches to L_infantum-families.fa sequences in batch 71 of 584
identifying Simple Repeats in batch 71 of 584
identifying Simple Repeats in batch 72 of 584
identifying matches to L_infantum-families.fa sequences in batch 72 of 584
identifying Simple Repeats in batch 72 of 584
identifying Simple Repeats in batch 73 of 584
identifying matches to L_infantum-families.fa sequences in batch 73 of 584
identifying Simple Repeats in batch 73 of 584
identifying Simple Repeats in batch 74 of 584
identifying matches to L_infantum-families.fa sequences in batch 74 of 584
identifying Simple Repeats in batch 74 of 584
identifying Simple Repeats in batch 75 of 584
identifying matches to L_infantum-families.fa sequences in batch 75 of 584
identifying Simple Repeats in batch 75 of 584
identifying Simple Repeats in batch 76 of 584
identifying matches to L_infantum-families.fa sequences in batch 76 of 584
identifying Simple Repeats in batch 76 of 584
identifying Simple Repeats in batch 77 of 584
identifying matches to L_infantum-families.fa sequences in batch 77 of 584
identifying Simple Repeats in batch 77 of 584
identifying Simple Repeats in batch 78 of 584
identifying matches to L_infantum-families.fa sequences in batch 78 of 584
identifying Simple Repeats in batch 78 of 584
identifying Simple Repeats in batch 79 of 584
identifying matches to L_infantum-families.fa sequences in batch 79 of 584
identifying Simple Repeats in batch 79 of 584
identifying Simple Repeats in batch 80 of 584
identifying matches to L_infantum-families.fa sequences in batch 80 of 584
identifying Simple Repeats in batch 80 of 584
identifying Simple Repeats in batch 81 of 584
identifying matches to L_infantum-families.fa sequences in batch 81 of 584
identifying Simple Repeats in batch 81 of 584
identifying Simple Repeats in batch 82 of 584
identifying matches to L_infantum-families.fa sequences in batch 82 of 584
identifying Simple Repeats in batch 82 of 584
identifying Simple Repeats in batch 83 of 584
identifying matches to L_infantum-families.fa sequences in batch 83 of 584
identifying Simple Repeats in batch 83 of 584
identifying Simple Repeats in batch 84 of 584
identifying matches to L_infantum-families.fa sequences in batch 84 of 584
identifying Simple Repeats in batch 84 of 584
identifying Simple Repeats in batch 85 of 584
identifying matches to L_infantum-families.fa sequences in batch 85 of 584
identifying Simple Repeats in batch 85 of 584
identifying Simple Repeats in batch 86 of 584
identifying matches to L_infantum-families.fa sequences in batch 86 of 584
identifying Simple Repeats in batch 86 of 584
identifying Simple Repeats in batch 87 of 584
identifying matches to L_infantum-families.fa sequences in batch 87 of 584
identifying Simple Repeats in batch 87 of 584
identifying Simple Repeats in batch 88 of 584
identifying matches to L_infantum-families.fa sequences in batch 88 of 584
identifying Simple Repeats in batch 88 of 584
identifying Simple Repeats in batch 89 of 584
identifying matches to L_infantum-families.fa sequences in batch 89 of 584
identifying Simple Repeats in batch 89 of 584
identifying Simple Repeats in batch 90 of 584
identifying matches to L_infantum-families.fa sequences in batch 90 of 584
identifying Simple Repeats in batch 90 of 584
identifying Simple Repeats in batch 91 of 584
identifying matches to L_infantum-families.fa sequences in batch 91 of 584
identifying Simple Repeats in batch 91 of 584
identifying Simple Repeats in batch 92 of 584
identifying matches to L_infantum-families.fa sequences in batch 92 of 584
identifying Simple Repeats in batch 92 of 584
identifying Simple Repeats in batch 93 of 584
identifying matches to L_infantum-families.fa sequences in batch 93 of 584
identifying Simple Repeats in batch 93 of 584
identifying Simple Repeats in batch 94 of 584
identifying matches to L_infantum-families.fa sequences in batch 94 of 584
identifying Simple Repeats in batch 94 of 584
identifying Simple Repeats in batch 95 of 584
identifying matches to L_infantum-families.fa sequences in batch 95 of 584
identifying Simple Repeats in batch 95 of 584
identifying Simple Repeats in batch 96 of 584
identifying matches to L_infantum-families.fa sequences in batch 96 of 584
identifying Simple Repeats in batch 96 of 584
identifying Simple Repeats in batch 97 of 584
identifying matches to L_infantum-families.fa sequences in batch 97 of 584
identifying Simple Repeats in batch 97 of 584
identifying Simple Repeats in batch 98 of 584
identifying matches to L_infantum-families.fa sequences in batch 98 of 584
identifying Simple Repeats in batch 98 of 584
identifying Simple Repeats in batch 99 of 584
identifying matches to L_infantum-families.fa sequences in batch 99 of 584
identifying Simple Repeats in batch 99 of 584
identifying Simple Repeats in batch 100 of 584
identifying matches to L_infantum-families.fa sequences in batch 100 of 584
identifying Simple Repeats in batch 100 of 584
identifying Simple Repeats in batch 101 of 584
identifying matches to L_infantum-families.fa sequences in batch 101 of 584
identifying Simple Repeats in batch 101 of 584
identifying Simple Repeats in batch 102 of 584
identifying matches to L_infantum-families.fa sequences in batch 102 of 584
identifying Simple Repeats in batch 102 of 584
identifying Simple Repeats in batch 103 of 584
identifying matches to L_infantum-families.fa sequences in batch 103 of 584
identifying Simple Repeats in batch 103 of 584
identifying Simple Repeats in batch 104 of 584
identifying matches to L_infantum-families.fa sequences in batch 104 of 584
identifying Simple Repeats in batch 104 of 584
identifying Simple Repeats in batch 105 of 584
identifying matches to L_infantum-families.fa sequences in batch 105 of 584
identifying Simple Repeats in batch 105 of 584
identifying Simple Repeats in batch 106 of 584
identifying matches to L_infantum-families.fa sequences in batch 106 of 584
identifying Simple Repeats in batch 106 of 584
identifying Simple Repeats in batch 107 of 584
identifying matches to L_infantum-families.fa sequences in batch 107 of 584
identifying Simple Repeats in batch 107 of 584
identifying Simple Repeats in batch 108 of 584
identifying matches to L_infantum-families.fa sequences in batch 108 of 584
identifying Simple Repeats in batch 108 of 584
identifying Simple Repeats in batch 109 of 584
identifying matches to L_infantum-families.fa sequences in batch 109 of 584
identifying Simple Repeats in batch 109 of 584
identifying Simple Repeats in batch 110 of 584
identifying matches to L_infantum-families.fa sequences in batch 110 of 584
identifying Simple Repeats in batch 110 of 584
identifying Simple Repeats in batch 111 of 584
identifying matches to L_infantum-families.fa sequences in batch 111 of 584
identifying Simple Repeats in batch 111 of 584
identifying Simple Repeats in batch 112 of 584
identifying matches to L_infantum-families.fa sequences in batch 112 of 584
identifying Simple Repeats in batch 112 of 584
identifying Simple Repeats in batch 113 of 584
identifying matches to L_infantum-families.fa sequences in batch 113 of 584
identifying Simple Repeats in batch 113 of 584
identifying Simple Repeats in batch 114 of 584
identifying matches to L_infantum-families.fa sequences in batch 114 of 584
identifying Simple Repeats in batch 114 of 584
identifying Simple Repeats in batch 115 of 584
identifying matches to L_infantum-families.fa sequences in batch 115 of 584
identifying Simple Repeats in batch 115 of 584
identifying Simple Repeats in batch 116 of 584
identifying matches to L_infantum-families.fa sequences in batch 116 of 584
identifying Simple Repeats in batch 116 of 584
identifying Simple Repeats in batch 117 of 584
identifying matches to L_infantum-families.fa sequences in batch 117 of 584
identifying Simple Repeats in batch 117 of 584
identifying Simple Repeats in batch 118 of 584
identifying matches to L_infantum-families.fa sequences in batch 118 of 584
identifying Simple Repeats in batch 118 of 584
identifying Simple Repeats in batch 119 of 584
identifying matches to L_infantum-families.fa sequences in batch 119 of 584
identifying Simple Repeats in batch 119 of 584
identifying Simple Repeats in batch 120 of 584
identifying matches to L_infantum-families.fa sequences in batch 120 of 584
identifying Simple Repeats in batch 120 of 584
identifying Simple Repeats in batch 121 of 584
identifying matches to L_infantum-families.fa sequences in batch 121 of 584
identifying Simple Repeats in batch 121 of 584
identifying Simple Repeats in batch 122 of 584
identifying matches to L_infantum-families.fa sequences in batch 122 of 584
identifying Simple Repeats in batch 122 of 584
identifying Simple Repeats in batch 123 of 584
identifying matches to L_infantum-families.fa sequences in batch 123 of 584
identifying Simple Repeats in batch 123 of 584
identifying Simple Repeats in batch 124 of 584
identifying matches to L_infantum-families.fa sequences in batch 124 of 584
identifying Simple Repeats in batch 124 of 584
identifying Simple Repeats in batch 125 of 584
identifying matches to L_infantum-families.fa sequences in batch 125 of 584
identifying Simple Repeats in batch 125 of 584
identifying Simple Repeats in batch 126 of 584
identifying matches to L_infantum-families.fa sequences in batch 126 of 584
identifying Simple Repeats in batch 126 of 584
identifying Simple Repeats in batch 127 of 584
identifying matches to L_infantum-families.fa sequences in batch 127 of 584
identifying Simple Repeats in batch 127 of 584
identifying Simple Repeats in batch 128 of 584
identifying matches to L_infantum-families.fa sequences in batch 128 of 584
identifying Simple Repeats in batch 128 of 584
identifying Simple Repeats in batch 129 of 584
identifying matches to L_infantum-families.fa sequences in batch 129 of 584
identifying Simple Repeats in batch 129 of 584
identifying Simple Repeats in batch 130 of 584
identifying matches to L_infantum-families.fa sequences in batch 130 of 584
identifying Simple Repeats in batch 130 of 584
identifying Simple Repeats in batch 131 of 584
identifying matches to L_infantum-families.fa sequences in batch 131 of 584
identifying Simple Repeats in batch 131 of 584
identifying Simple Repeats in batch 132 of 584
identifying matches to L_infantum-families.fa sequences in batch 132 of 584
identifying Simple Repeats in batch 132 of 584
identifying Simple Repeats in batch 133 of 584
identifying matches to L_infantum-families.fa sequences in batch 133 of 584
identifying Simple Repeats in batch 133 of 584
identifying Simple Repeats in batch 134 of 584
identifying matches to L_infantum-families.fa sequences in batch 134 of 584
identifying Simple Repeats in batch 134 of 584
identifying Simple Repeats in batch 135 of 584
identifying matches to L_infantum-families.fa sequences in batch 135 of 584
identifying Simple Repeats in batch 135 of 584
identifying Simple Repeats in batch 136 of 584
identifying matches to L_infantum-families.fa sequences in batch 136 of 584
identifying Simple Repeats in batch 136 of 584
identifying Simple Repeats in batch 137 of 584
identifying matches to L_infantum-families.fa sequences in batch 137 of 584
identifying Simple Repeats in batch 137 of 584
identifying Simple Repeats in batch 138 of 584
identifying matches to L_infantum-families.fa sequences in batch 138 of 584
identifying Simple Repeats in batch 138 of 584
identifying Simple Repeats in batch 139 of 584
identifying matches to L_infantum-families.fa sequences in batch 139 of 584
identifying Simple Repeats in batch 139 of 584
identifying Simple Repeats in batch 140 of 584
identifying matches to L_infantum-families.fa sequences in batch 140 of 584
identifying Simple Repeats in batch 140 of 584
identifying Simple Repeats in batch 141 of 584
identifying matches to L_infantum-families.fa sequences in batch 141 of 584
identifying Simple Repeats in batch 141 of 584
identifying Simple Repeats in batch 142 of 584
identifying matches to L_infantum-families.fa sequences in batch 142 of 584
identifying Simple Repeats in batch 142 of 584
identifying Simple Repeats in batch 143 of 584
identifying matches to L_infantum-families.fa sequences in batch 143 of 584
identifying Simple Repeats in batch 143 of 584
identifying Simple Repeats in batch 144 of 584
identifying matches to L_infantum-families.fa sequences in batch 144 of 584
identifying Simple Repeats in batch 144 of 584
identifying Simple Repeats in batch 145 of 584
identifying matches to L_infantum-families.fa sequences in batch 145 of 584
identifying Simple Repeats in batch 145 of 584
identifying Simple Repeats in batch 146 of 584
identifying matches to L_infantum-families.fa sequences in batch 146 of 584
identifying Simple Repeats in batch 146 of 584
identifying Simple Repeats in batch 147 of 584
identifying matches to L_infantum-families.fa sequences in batch 147 of 584
identifying Simple Repeats in batch 147 of 584
identifying Simple Repeats in batch 148 of 584
identifying matches to L_infantum-families.fa sequences in batch 148 of 584
identifying Simple Repeats in batch 148 of 584
identifying Simple Repeats in batch 149 of 584
identifying matches to L_infantum-families.fa sequences in batch 149 of 584
identifying Simple Repeats in batch 149 of 584
identifying Simple Repeats in batch 150 of 584
identifying matches to L_infantum-families.fa sequences in batch 150 of 584
identifying Simple Repeats in batch 150 of 584
identifying Simple Repeats in batch 151 of 584
identifying matches to L_infantum-families.fa sequences in batch 151 of 584
identifying Simple Repeats in batch 151 of 584
identifying Simple Repeats in batch 152 of 584
identifying matches to L_infantum-families.fa sequences in batch 152 of 584
identifying Simple Repeats in batch 152 of 584
identifying Simple Repeats in batch 153 of 584
identifying matches to L_infantum-families.fa sequences in batch 153 of 584
identifying Simple Repeats in batch 153 of 584
identifying Simple Repeats in batch 154 of 584
identifying matches to L_infantum-families.fa sequences in batch 154 of 584
identifying Simple Repeats in batch 154 of 584
identifying Simple Repeats in batch 155 of 584
identifying matches to L_infantum-families.fa sequences in batch 155 of 584
identifying Simple Repeats in batch 155 of 584
identifying Simple Repeats in batch 156 of 584
identifying matches to L_infantum-families.fa sequences in batch 156 of 584
identifying Simple Repeats in batch 156 of 584
identifying Simple Repeats in batch 157 of 584
identifying matches to L_infantum-families.fa sequences in batch 157 of 584
identifying Simple Repeats in batch 157 of 584
identifying Simple Repeats in batch 158 of 584
identifying matches to L_infantum-families.fa sequences in batch 158 of 584
identifying Simple Repeats in batch 158 of 584
identifying Simple Repeats in batch 159 of 584
identifying matches to L_infantum-families.fa sequences in batch 159 of 584
identifying Simple Repeats in batch 159 of 584
identifying Simple Repeats in batch 160 of 584
identifying matches to L_infantum-families.fa sequences in batch 160 of 584
identifying Simple Repeats in batch 160 of 584
identifying Simple Repeats in batch 161 of 584
identifying matches to L_infantum-families.fa sequences in batch 161 of 584
identifying Simple Repeats in batch 161 of 584
identifying Simple Repeats in batch 162 of 584
identifying matches to L_infantum-families.fa sequences in batch 162 of 584
identifying Simple Repeats in batch 162 of 584
identifying Simple Repeats in batch 163 of 584
identifying matches to L_infantum-families.fa sequences in batch 163 of 584
identifying Simple Repeats in batch 163 of 584
identifying Simple Repeats in batch 164 of 584
identifying matches to L_infantum-families.fa sequences in batch 164 of 584
identifying Simple Repeats in batch 164 of 584
identifying Simple Repeats in batch 165 of 584
identifying matches to L_infantum-families.fa sequences in batch 165 of 584
identifying Simple Repeats in batch 165 of 584
identifying Simple Repeats in batch 166 of 584
identifying matches to L_infantum-families.fa sequences in batch 166 of 584
identifying Simple Repeats in batch 166 of 584
identifying Simple Repeats in batch 167 of 584
identifying matches to L_infantum-families.fa sequences in batch 167 of 584
identifying Simple Repeats in batch 167 of 584
identifying Simple Repeats in batch 168 of 584
identifying matches to L_infantum-families.fa sequences in batch 168 of 584
identifying Simple Repeats in batch 168 of 584
identifying Simple Repeats in batch 169 of 584
identifying matches to L_infantum-families.fa sequences in batch 169 of 584
identifying Simple Repeats in batch 169 of 584
identifying Simple Repeats in batch 170 of 584
identifying matches to L_infantum-families.fa sequences in batch 170 of 584
identifying Simple Repeats in batch 170 of 584
identifying Simple Repeats in batch 171 of 584
identifying matches to L_infantum-families.fa sequences in batch 171 of 584
identifying Simple Repeats in batch 171 of 584
identifying Simple Repeats in batch 172 of 584
identifying matches to L_infantum-families.fa sequences in batch 172 of 584
identifying Simple Repeats in batch 172 of 584
identifying Simple Repeats in batch 173 of 584
identifying matches to L_infantum-families.fa sequences in batch 173 of 584
identifying Simple Repeats in batch 173 of 584
identifying Simple Repeats in batch 174 of 584
identifying matches to L_infantum-families.fa sequences in batch 174 of 584
identifying Simple Repeats in batch 174 of 584
identifying Simple Repeats in batch 175 of 584
identifying matches to L_infantum-families.fa sequences in batch 175 of 584
identifying Simple Repeats in batch 175 of 584
identifying Simple Repeats in batch 176 of 584
identifying matches to L_infantum-families.fa sequences in batch 176 of 584
identifying Simple Repeats in batch 176 of 584
identifying Simple Repeats in batch 177 of 584
identifying matches to L_infantum-families.fa sequences in batch 177 of 584
identifying Simple Repeats in batch 177 of 584
identifying Simple Repeats in batch 178 of 584
identifying matches to L_infantum-families.fa sequences in batch 178 of 584
identifying Simple Repeats in batch 178 of 584
identifying Simple Repeats in batch 179 of 584
identifying matches to L_infantum-families.fa sequences in batch 179 of 584
identifying Simple Repeats in batch 179 of 584
identifying Simple Repeats in batch 180 of 584
identifying matches to L_infantum-families.fa sequences in batch 180 of 584
identifying Simple Repeats in batch 180 of 584
identifying Simple Repeats in batch 181 of 584
identifying matches to L_infantum-families.fa sequences in batch 181 of 584
identifying Simple Repeats in batch 181 of 584
identifying Simple Repeats in batch 182 of 584
identifying matches to L_infantum-families.fa sequences in batch 182 of 584
identifying Simple Repeats in batch 182 of 584
identifying Simple Repeats in batch 183 of 584
identifying matches to L_infantum-families.fa sequences in batch 183 of 584
identifying Simple Repeats in batch 183 of 584
identifying Simple Repeats in batch 184 of 584
identifying matches to L_infantum-families.fa sequences in batch 184 of 584
identifying Simple Repeats in batch 184 of 584
identifying Simple Repeats in batch 185 of 584
identifying matches to L_infantum-families.fa sequences in batch 185 of 584
identifying Simple Repeats in batch 185 of 584
identifying Simple Repeats in batch 186 of 584
identifying matches to L_infantum-families.fa sequences in batch 186 of 584
identifying Simple Repeats in batch 186 of 584
identifying Simple Repeats in batch 187 of 584
identifying matches to L_infantum-families.fa sequences in batch 187 of 584
identifying Simple Repeats in batch 187 of 584
identifying Simple Repeats in batch 188 of 584
identifying matches to L_infantum-families.fa sequences in batch 188 of 584
identifying Simple Repeats in batch 188 of 584
identifying Simple Repeats in batch 189 of 584
identifying matches to L_infantum-families.fa sequences in batch 189 of 584
identifying Simple Repeats in batch 189 of 584
identifying Simple Repeats in batch 190 of 584
identifying matches to L_infantum-families.fa sequences in batch 190 of 584
identifying Simple Repeats in batch 190 of 584
identifying Simple Repeats in batch 191 of 584
identifying matches to L_infantum-families.fa sequences in batch 191 of 584
identifying Simple Repeats in batch 191 of 584
identifying Simple Repeats in batch 192 of 584
identifying matches to L_infantum-families.fa sequences in batch 192 of 584
identifying Simple Repeats in batch 192 of 584
identifying Simple Repeats in batch 193 of 584
identifying matches to L_infantum-families.fa sequences in batch 193 of 584
identifying Simple Repeats in batch 193 of 584
identifying Simple Repeats in batch 194 of 584
identifying matches to L_infantum-families.fa sequences in batch 194 of 584
identifying Simple Repeats in batch 194 of 584
identifying Simple Repeats in batch 195 of 584
identifying matches to L_infantum-families.fa sequences in batch 195 of 584
identifying Simple Repeats in batch 195 of 584
identifying Simple Repeats in batch 196 of 584
identifying matches to L_infantum-families.fa sequences in batch 196 of 584
identifying Simple Repeats in batch 196 of 584
identifying Simple Repeats in batch 197 of 584
identifying matches to L_infantum-families.fa sequences in batch 197 of 584
identifying Simple Repeats in batch 197 of 584
identifying Simple Repeats in batch 198 of 584
identifying matches to L_infantum-families.fa sequences in batch 198 of 584
identifying Simple Repeats in batch 198 of 584
identifying Simple Repeats in batch 199 of 584
identifying matches to L_infantum-families.fa sequences in batch 199 of 584
identifying Simple Repeats in batch 199 of 584
identifying Simple Repeats in batch 200 of 584
identifying matches to L_infantum-families.fa sequences in batch 200 of 584
identifying Simple Repeats in batch 200 of 584
identifying Simple Repeats in batch 201 of 584
identifying matches to L_infantum-families.fa sequences in batch 201 of 584
identifying Simple Repeats in batch 201 of 584
identifying Simple Repeats in batch 202 of 584
identifying matches to L_infantum-families.fa sequences in batch 202 of 584
identifying Simple Repeats in batch 202 of 584
identifying Simple Repeats in batch 203 of 584
identifying matches to L_infantum-families.fa sequences in batch 203 of 584
identifying Simple Repeats in batch 203 of 584
identifying Simple Repeats in batch 204 of 584
identifying matches to L_infantum-families.fa sequences in batch 204 of 584
identifying Simple Repeats in batch 204 of 584
identifying Simple Repeats in batch 205 of 584
identifying matches to L_infantum-families.fa sequences in batch 205 of 584
identifying Simple Repeats in batch 205 of 584
identifying Simple Repeats in batch 206 of 584
identifying matches to L_infantum-families.fa sequences in batch 206 of 584
identifying Simple Repeats in batch 206 of 584
identifying Simple Repeats in batch 207 of 584
identifying matches to L_infantum-families.fa sequences in batch 207 of 584
identifying Simple Repeats in batch 207 of 584
identifying Simple Repeats in batch 208 of 584
identifying matches to L_infantum-families.fa sequences in batch 208 of 584
identifying Simple Repeats in batch 208 of 584
identifying Simple Repeats in batch 209 of 584
identifying matches to L_infantum-families.fa sequences in batch 209 of 584
identifying Simple Repeats in batch 209 of 584
identifying Simple Repeats in batch 210 of 584
identifying matches to L_infantum-families.fa sequences in batch 210 of 584
identifying Simple Repeats in batch 210 of 584
identifying Simple Repeats in batch 211 of 584
identifying matches to L_infantum-families.fa sequences in batch 211 of 584
identifying Simple Repeats in batch 211 of 584
identifying Simple Repeats in batch 212 of 584
identifying matches to L_infantum-families.fa sequences in batch 212 of 584
identifying Simple Repeats in batch 212 of 584
identifying Simple Repeats in batch 213 of 584
identifying matches to L_infantum-families.fa sequences in batch 213 of 584
identifying Simple Repeats in batch 213 of 584
identifying Simple Repeats in batch 214 of 584
identifying matches to L_infantum-families.fa sequences in batch 214 of 584
identifying Simple Repeats in batch 214 of 584
identifying Simple Repeats in batch 215 of 584
identifying matches to L_infantum-families.fa sequences in batch 215 of 584
identifying Simple Repeats in batch 215 of 584
identifying Simple Repeats in batch 216 of 584
identifying matches to L_infantum-families.fa sequences in batch 216 of 584
identifying Simple Repeats in batch 216 of 584
identifying Simple Repeats in batch 217 of 584
identifying matches to L_infantum-families.fa sequences in batch 217 of 584
identifying Simple Repeats in batch 217 of 584
identifying Simple Repeats in batch 218 of 584
identifying matches to L_infantum-families.fa sequences in batch 218 of 584
identifying Simple Repeats in batch 218 of 584
identifying Simple Repeats in batch 219 of 584
identifying matches to L_infantum-families.fa sequences in batch 219 of 584
identifying Simple Repeats in batch 219 of 584
identifying Simple Repeats in batch 220 of 584
identifying matches to L_infantum-families.fa sequences in batch 220 of 584
identifying Simple Repeats in batch 220 of 584
identifying Simple Repeats in batch 221 of 584
identifying matches to L_infantum-families.fa sequences in batch 221 of 584
identifying Simple Repeats in batch 221 of 584
identifying Simple Repeats in batch 222 of 584
identifying matches to L_infantum-families.fa sequences in batch 222 of 584
identifying Simple Repeats in batch 222 of 584
identifying Simple Repeats in batch 223 of 584
identifying matches to L_infantum-families.fa sequences in batch 223 of 584
identifying Simple Repeats in batch 223 of 584
identifying Simple Repeats in batch 224 of 584
identifying matches to L_infantum-families.fa sequences in batch 224 of 584
identifying Simple Repeats in batch 224 of 584
identifying Simple Repeats in batch 225 of 584
identifying matches to L_infantum-families.fa sequences in batch 225 of 584
identifying Simple Repeats in batch 225 of 584
identifying Simple Repeats in batch 226 of 584
identifying matches to L_infantum-families.fa sequences in batch 226 of 584
identifying Simple Repeats in batch 226 of 584
identifying Simple Repeats in batch 227 of 584
identifying matches to L_infantum-families.fa sequences in batch 227 of 584
identifying Simple Repeats in batch 227 of 584
identifying Simple Repeats in batch 228 of 584
identifying matches to L_infantum-families.fa sequences in batch 228 of 584
identifying Simple Repeats in batch 228 of 584
identifying Simple Repeats in batch 229 of 584
identifying matches to L_infantum-families.fa sequences in batch 229 of 584
identifying Simple Repeats in batch 229 of 584
identifying Simple Repeats in batch 230 of 584
identifying matches to L_infantum-families.fa sequences in batch 230 of 584
identifying Simple Repeats in batch 230 of 584
identifying Simple Repeats in batch 231 of 584
identifying matches to L_infantum-families.fa sequences in batch 231 of 584
identifying Simple Repeats in batch 231 of 584
identifying Simple Repeats in batch 232 of 584
identifying matches to L_infantum-families.fa sequences in batch 232 of 584
identifying Simple Repeats in batch 232 of 584
identifying Simple Repeats in batch 233 of 584
identifying matches to L_infantum-families.fa sequences in batch 233 of 584
identifying Simple Repeats in batch 233 of 584
identifying Simple Repeats in batch 234 of 584
identifying matches to L_infantum-families.fa sequences in batch 234 of 584
identifying Simple Repeats in batch 234 of 584
identifying Simple Repeats in batch 235 of 584
identifying matches to L_infantum-families.fa sequences in batch 235 of 584
identifying Simple Repeats in batch 235 of 584
identifying Simple Repeats in batch 236 of 584
identifying matches to L_infantum-families.fa sequences in batch 236 of 584
identifying Simple Repeats in batch 236 of 584
identifying Simple Repeats in batch 237 of 584
identifying matches to L_infantum-families.fa sequences in batch 237 of 584
identifying Simple Repeats in batch 237 of 584
identifying Simple Repeats in batch 238 of 584
identifying matches to L_infantum-families.fa sequences in batch 238 of 584
identifying Simple Repeats in batch 238 of 584
identifying Simple Repeats in batch 239 of 584
identifying matches to L_infantum-families.fa sequences in batch 239 of 584
identifying Simple Repeats in batch 239 of 584
identifying Simple Repeats in batch 240 of 584
identifying matches to L_infantum-families.fa sequences in batch 240 of 584
identifying Simple Repeats in batch 240 of 584
identifying Simple Repeats in batch 241 of 584
identifying matches to L_infantum-families.fa sequences in batch 241 of 584
identifying Simple Repeats in batch 241 of 584
identifying Simple Repeats in batch 242 of 584
identifying matches to L_infantum-families.fa sequences in batch 242 of 584
identifying Simple Repeats in batch 242 of 584
identifying Simple Repeats in batch 243 of 584
identifying matches to L_infantum-families.fa sequences in batch 243 of 584
identifying Simple Repeats in batch 243 of 584
identifying Simple Repeats in batch 244 of 584
identifying matches to L_infantum-families.fa sequences in batch 244 of 584
identifying Simple Repeats in batch 244 of 584
identifying Simple Repeats in batch 245 of 584
identifying matches to L_infantum-families.fa sequences in batch 245 of 584
identifying Simple Repeats in batch 245 of 584
identifying Simple Repeats in batch 246 of 584
identifying matches to L_infantum-families.fa sequences in batch 246 of 584
identifying Simple Repeats in batch 246 of 584
identifying Simple Repeats in batch 247 of 584
identifying matches to L_infantum-families.fa sequences in batch 247 of 584
identifying Simple Repeats in batch 247 of 584
identifying Simple Repeats in batch 248 of 584
identifying matches to L_infantum-families.fa sequences in batch 248 of 584
identifying Simple Repeats in batch 248 of 584
identifying Simple Repeats in batch 249 of 584
identifying matches to L_infantum-families.fa sequences in batch 249 of 584
identifying Simple Repeats in batch 249 of 584
identifying Simple Repeats in batch 250 of 584
identifying matches to L_infantum-families.fa sequences in batch 250 of 584
identifying Simple Repeats in batch 250 of 584
identifying Simple Repeats in batch 251 of 584
identifying matches to L_infantum-families.fa sequences in batch 251 of 584
identifying Simple Repeats in batch 251 of 584
identifying Simple Repeats in batch 252 of 584
identifying matches to L_infantum-families.fa sequences in batch 252 of 584
identifying Simple Repeats in batch 252 of 584
identifying Simple Repeats in batch 253 of 584
identifying matches to L_infantum-families.fa sequences in batch 253 of 584
identifying Simple Repeats in batch 253 of 584
identifying Simple Repeats in batch 254 of 584
identifying matches to L_infantum-families.fa sequences in batch 254 of 584
identifying Simple Repeats in batch 254 of 584
identifying Simple Repeats in batch 255 of 584
identifying matches to L_infantum-families.fa sequences in batch 255 of 584
identifying Simple Repeats in batch 255 of 584
identifying Simple Repeats in batch 256 of 584
identifying matches to L_infantum-families.fa sequences in batch 256 of 584
identifying Simple Repeats in batch 256 of 584
identifying Simple Repeats in batch 257 of 584
identifying matches to L_infantum-families.fa sequences in batch 257 of 584
identifying Simple Repeats in batch 257 of 584
identifying Simple Repeats in batch 258 of 584
identifying matches to L_infantum-families.fa sequences in batch 258 of 584
identifying Simple Repeats in batch 258 of 584
identifying Simple Repeats in batch 259 of 584
identifying matches to L_infantum-families.fa sequences in batch 259 of 584
identifying Simple Repeats in batch 259 of 584
identifying Simple Repeats in batch 260 of 584
identifying matches to L_infantum-families.fa sequences in batch 260 of 584
identifying Simple Repeats in batch 260 of 584
identifying Simple Repeats in batch 261 of 584
identifying matches to L_infantum-families.fa sequences in batch 261 of 584
identifying Simple Repeats in batch 261 of 584
identifying Simple Repeats in batch 262 of 584
identifying matches to L_infantum-families.fa sequences in batch 262 of 584
identifying Simple Repeats in batch 262 of 584
identifying Simple Repeats in batch 263 of 584
identifying matches to L_infantum-families.fa sequences in batch 263 of 584
identifying Simple Repeats in batch 263 of 584
identifying Simple Repeats in batch 264 of 584
identifying matches to L_infantum-families.fa sequences in batch 264 of 584
identifying Simple Repeats in batch 264 of 584
identifying Simple Repeats in batch 265 of 584
identifying matches to L_infantum-families.fa sequences in batch 265 of 584
identifying Simple Repeats in batch 265 of 584
identifying Simple Repeats in batch 266 of 584
identifying matches to L_infantum-families.fa sequences in batch 266 of 584
identifying Simple Repeats in batch 266 of 584
identifying Simple Repeats in batch 267 of 584
identifying matches to L_infantum-families.fa sequences in batch 267 of 584
identifying Simple Repeats in batch 267 of 584
identifying Simple Repeats in batch 268 of 584
identifying matches to L_infantum-families.fa sequences in batch 268 of 584
identifying Simple Repeats in batch 268 of 584
identifying Simple Repeats in batch 269 of 584
identifying matches to L_infantum-families.fa sequences in batch 269 of 584
identifying Simple Repeats in batch 269 of 584
identifying Simple Repeats in batch 270 of 584
identifying matches to L_infantum-families.fa sequences in batch 270 of 584
identifying Simple Repeats in batch 270 of 584
identifying Simple Repeats in batch 271 of 584
identifying matches to L_infantum-families.fa sequences in batch 271 of 584
identifying Simple Repeats in batch 271 of 584
identifying Simple Repeats in batch 272 of 584
identifying matches to L_infantum-families.fa sequences in batch 272 of 584
identifying Simple Repeats in batch 272 of 584
identifying Simple Repeats in batch 273 of 584
identifying matches to L_infantum-families.fa sequences in batch 273 of 584
identifying Simple Repeats in batch 273 of 584
identifying Simple Repeats in batch 274 of 584
identifying matches to L_infantum-families.fa sequences in batch 274 of 584
identifying Simple Repeats in batch 274 of 584
identifying Simple Repeats in batch 275 of 584
identifying matches to L_infantum-families.fa sequences in batch 275 of 584
identifying Simple Repeats in batch 275 of 584
identifying Simple Repeats in batch 276 of 584
identifying matches to L_infantum-families.fa sequences in batch 276 of 584
identifying Simple Repeats in batch 276 of 584
identifying Simple Repeats in batch 277 of 584
identifying matches to L_infantum-families.fa sequences in batch 277 of 584
identifying Simple Repeats in batch 277 of 584
identifying Simple Repeats in batch 278 of 584
identifying matches to L_infantum-families.fa sequences in batch 278 of 584
identifying Simple Repeats in batch 278 of 584
identifying Simple Repeats in batch 279 of 584
identifying matches to L_infantum-families.fa sequences in batch 279 of 584
identifying Simple Repeats in batch 279 of 584
identifying Simple Repeats in batch 280 of 584
identifying matches to L_infantum-families.fa sequences in batch 280 of 584
identifying Simple Repeats in batch 280 of 584
identifying Simple Repeats in batch 281 of 584
identifying matches to L_infantum-families.fa sequences in batch 281 of 584
identifying Simple Repeats in batch 281 of 584
identifying Simple Repeats in batch 282 of 584
identifying matches to L_infantum-families.fa sequences in batch 282 of 584
identifying Simple Repeats in batch 282 of 584
identifying Simple Repeats in batch 283 of 584
identifying matches to L_infantum-families.fa sequences in batch 283 of 584
identifying Simple Repeats in batch 283 of 584
identifying Simple Repeats in batch 284 of 584
identifying matches to L_infantum-families.fa sequences in batch 284 of 584
identifying Simple Repeats in batch 284 of 584
identifying Simple Repeats in batch 285 of 584
identifying matches to L_infantum-families.fa sequences in batch 285 of 584
identifying Simple Repeats in batch 285 of 584
identifying Simple Repeats in batch 286 of 584
identifying matches to L_infantum-families.fa sequences in batch 286 of 584
identifying Simple Repeats in batch 286 of 584
identifying Simple Repeats in batch 287 of 584
identifying matches to L_infantum-families.fa sequences in batch 287 of 584
identifying Simple Repeats in batch 287 of 584
identifying Simple Repeats in batch 288 of 584
identifying matches to L_infantum-families.fa sequences in batch 288 of 584
identifying Simple Repeats in batch 288 of 584
identifying Simple Repeats in batch 289 of 584
identifying matches to L_infantum-families.fa sequences in batch 289 of 584
identifying Simple Repeats in batch 289 of 584
identifying Simple Repeats in batch 290 of 584
identifying matches to L_infantum-families.fa sequences in batch 290 of 584
identifying Simple Repeats in batch 290 of 584
identifying Simple Repeats in batch 291 of 584
identifying matches to L_infantum-families.fa sequences in batch 291 of 584
identifying Simple Repeats in batch 291 of 584
identifying Simple Repeats in batch 292 of 584
identifying matches to L_infantum-families.fa sequences in batch 292 of 584
identifying Simple Repeats in batch 292 of 584
identifying Simple Repeats in batch 293 of 584
identifying matches to L_infantum-families.fa sequences in batch 293 of 584
identifying Simple Repeats in batch 293 of 584
identifying Simple Repeats in batch 294 of 584
identifying matches to L_infantum-families.fa sequences in batch 294 of 584
identifying Simple Repeats in batch 294 of 584
identifying Simple Repeats in batch 295 of 584
identifying matches to L_infantum-families.fa sequences in batch 295 of 584
identifying Simple Repeats in batch 295 of 584
identifying Simple Repeats in batch 296 of 584
identifying matches to L_infantum-families.fa sequences in batch 296 of 584
identifying Simple Repeats in batch 296 of 584
identifying Simple Repeats in batch 297 of 584
identifying matches to L_infantum-families.fa sequences in batch 297 of 584
identifying Simple Repeats in batch 297 of 584
identifying Simple Repeats in batch 298 of 584
identifying matches to L_infantum-families.fa sequences in batch 298 of 584
identifying Simple Repeats in batch 298 of 584
identifying Simple Repeats in batch 299 of 584
identifying matches to L_infantum-families.fa sequences in batch 299 of 584
identifying Simple Repeats in batch 299 of 584
identifying Simple Repeats in batch 300 of 584
identifying matches to L_infantum-families.fa sequences in batch 300 of 584
identifying Simple Repeats in batch 300 of 584
identifying Simple Repeats in batch 301 of 584
identifying matches to L_infantum-families.fa sequences in batch 301 of 584
identifying Simple Repeats in batch 301 of 584
identifying Simple Repeats in batch 302 of 584
identifying matches to L_infantum-families.fa sequences in batch 302 of 584
identifying Simple Repeats in batch 302 of 584
identifying Simple Repeats in batch 303 of 584
identifying matches to L_infantum-families.fa sequences in batch 303 of 584
identifying Simple Repeats in batch 303 of 584
identifying Simple Repeats in batch 304 of 584
identifying matches to L_infantum-families.fa sequences in batch 304 of 584
identifying Simple Repeats in batch 304 of 584
identifying Simple Repeats in batch 305 of 584
identifying matches to L_infantum-families.fa sequences in batch 305 of 584
identifying Simple Repeats in batch 305 of 584
identifying Simple Repeats in batch 306 of 584
identifying matches to L_infantum-families.fa sequences in batch 306 of 584
identifying Simple Repeats in batch 306 of 584
identifying Simple Repeats in batch 307 of 584
identifying matches to L_infantum-families.fa sequences in batch 307 of 584
identifying Simple Repeats in batch 307 of 584
identifying Simple Repeats in batch 308 of 584
identifying matches to L_infantum-families.fa sequences in batch 308 of 584
identifying Simple Repeats in batch 308 of 584
identifying Simple Repeats in batch 309 of 584
identifying matches to L_infantum-families.fa sequences in batch 309 of 584
identifying Simple Repeats in batch 309 of 584
identifying Simple Repeats in batch 310 of 584
identifying matches to L_infantum-families.fa sequences in batch 310 of 584
identifying Simple Repeats in batch 310 of 584
identifying Simple Repeats in batch 311 of 584
identifying matches to L_infantum-families.fa sequences in batch 311 of 584
identifying Simple Repeats in batch 311 of 584
identifying Simple Repeats in batch 312 of 584
identifying matches to L_infantum-families.fa sequences in batch 312 of 584
identifying Simple Repeats in batch 312 of 584
identifying Simple Repeats in batch 313 of 584
identifying matches to L_infantum-families.fa sequences in batch 313 of 584
identifying Simple Repeats in batch 313 of 584
identifying Simple Repeats in batch 314 of 584
identifying matches to L_infantum-families.fa sequences in batch 314 of 584
identifying Simple Repeats in batch 314 of 584
identifying Simple Repeats in batch 315 of 584
identifying matches to L_infantum-families.fa sequences in batch 315 of 584
identifying Simple Repeats in batch 315 of 584
identifying Simple Repeats in batch 316 of 584
identifying matches to L_infantum-families.fa sequences in batch 316 of 584
identifying Simple Repeats in batch 316 of 584
identifying Simple Repeats in batch 317 of 584
identifying matches to L_infantum-families.fa sequences in batch 317 of 584
identifying Simple Repeats in batch 317 of 584
identifying Simple Repeats in batch 318 of 584
identifying matches to L_infantum-families.fa sequences in batch 318 of 584
identifying Simple Repeats in batch 318 of 584
identifying Simple Repeats in batch 319 of 584
identifying matches to L_infantum-families.fa sequences in batch 319 of 584
identifying Simple Repeats in batch 319 of 584
identifying Simple Repeats in batch 320 of 584
identifying matches to L_infantum-families.fa sequences in batch 320 of 584
identifying Simple Repeats in batch 320 of 584
identifying Simple Repeats in batch 321 of 584
identifying matches to L_infantum-families.fa sequences in batch 321 of 584
identifying Simple Repeats in batch 321 of 584
identifying Simple Repeats in batch 322 of 584
identifying matches to L_infantum-families.fa sequences in batch 322 of 584
identifying Simple Repeats in batch 322 of 584
identifying Simple Repeats in batch 323 of 584
identifying matches to L_infantum-families.fa sequences in batch 323 of 584
identifying Simple Repeats in batch 323 of 584
identifying Simple Repeats in batch 324 of 584
identifying matches to L_infantum-families.fa sequences in batch 324 of 584
identifying Simple Repeats in batch 324 of 584
identifying Simple Repeats in batch 325 of 584
identifying matches to L_infantum-families.fa sequences in batch 325 of 584
identifying Simple Repeats in batch 325 of 584
identifying Simple Repeats in batch 326 of 584
identifying matches to L_infantum-families.fa sequences in batch 326 of 584
identifying Simple Repeats in batch 326 of 584
identifying Simple Repeats in batch 327 of 584
identifying matches to L_infantum-families.fa sequences in batch 327 of 584
identifying Simple Repeats in batch 327 of 584
identifying Simple Repeats in batch 328 of 584
identifying matches to L_infantum-families.fa sequences in batch 328 of 584
identifying Simple Repeats in batch 328 of 584
identifying Simple Repeats in batch 329 of 584
identifying matches to L_infantum-families.fa sequences in batch 329 of 584
identifying Simple Repeats in batch 329 of 584
identifying Simple Repeats in batch 330 of 584
identifying matches to L_infantum-families.fa sequences in batch 330 of 584
identifying Simple Repeats in batch 330 of 584
identifying Simple Repeats in batch 331 of 584
identifying matches to L_infantum-families.fa sequences in batch 331 of 584
identifying Simple Repeats in batch 331 of 584
identifying Simple Repeats in batch 332 of 584
identifying matches to L_infantum-families.fa sequences in batch 332 of 584
identifying Simple Repeats in batch 332 of 584
identifying Simple Repeats in batch 333 of 584
identifying matches to L_infantum-families.fa sequences in batch 333 of 584
identifying Simple Repeats in batch 333 of 584
identifying Simple Repeats in batch 334 of 584
identifying matches to L_infantum-families.fa sequences in batch 334 of 584
identifying Simple Repeats in batch 334 of 584
identifying Simple Repeats in batch 335 of 584
identifying matches to L_infantum-families.fa sequences in batch 335 of 584
identifying Simple Repeats in batch 335 of 584
identifying Simple Repeats in batch 336 of 584
identifying matches to L_infantum-families.fa sequences in batch 336 of 584
identifying Simple Repeats in batch 336 of 584
identifying Simple Repeats in batch 337 of 584
identifying matches to L_infantum-families.fa sequences in batch 337 of 584
identifying Simple Repeats in batch 337 of 584
identifying Simple Repeats in batch 338 of 584
identifying matches to L_infantum-families.fa sequences in batch 338 of 584
identifying Simple Repeats in batch 338 of 584
identifying Simple Repeats in batch 339 of 584
identifying matches to L_infantum-families.fa sequences in batch 339 of 584
identifying Simple Repeats in batch 339 of 584
identifying Simple Repeats in batch 340 of 584
identifying matches to L_infantum-families.fa sequences in batch 340 of 584
identifying Simple Repeats in batch 340 of 584
identifying Simple Repeats in batch 341 of 584
identifying matches to L_infantum-families.fa sequences in batch 341 of 584
identifying Simple Repeats in batch 341 of 584
identifying Simple Repeats in batch 342 of 584
identifying matches to L_infantum-families.fa sequences in batch 342 of 584
identifying Simple Repeats in batch 342 of 584
identifying Simple Repeats in batch 343 of 584
identifying matches to L_infantum-families.fa sequences in batch 343 of 584
identifying Simple Repeats in batch 343 of 584
identifying Simple Repeats in batch 344 of 584
identifying matches to L_infantum-families.fa sequences in batch 344 of 584
identifying Simple Repeats in batch 344 of 584
identifying Simple Repeats in batch 345 of 584
identifying matches to L_infantum-families.fa sequences in batch 345 of 584
identifying Simple Repeats in batch 345 of 584
identifying Simple Repeats in batch 346 of 584
identifying matches to L_infantum-families.fa sequences in batch 346 of 584
identifying Simple Repeats in batch 346 of 584
identifying Simple Repeats in batch 347 of 584
identifying matches to L_infantum-families.fa sequences in batch 347 of 584
identifying Simple Repeats in batch 347 of 584
identifying Simple Repeats in batch 348 of 584
identifying matches to L_infantum-families.fa sequences in batch 348 of 584
identifying Simple Repeats in batch 348 of 584
identifying Simple Repeats in batch 349 of 584
identifying matches to L_infantum-families.fa sequences in batch 349 of 584
identifying Simple Repeats in batch 349 of 584
identifying Simple Repeats in batch 350 of 584
identifying matches to L_infantum-families.fa sequences in batch 350 of 584
identifying Simple Repeats in batch 350 of 584
identifying Simple Repeats in batch 351 of 584
identifying matches to L_infantum-families.fa sequences in batch 351 of 584
identifying Simple Repeats in batch 351 of 584
identifying Simple Repeats in batch 352 of 584
identifying matches to L_infantum-families.fa sequences in batch 352 of 584
identifying Simple Repeats in batch 352 of 584
identifying Simple Repeats in batch 353 of 584
identifying matches to L_infantum-families.fa sequences in batch 353 of 584
identifying Simple Repeats in batch 353 of 584
identifying Simple Repeats in batch 354 of 584
identifying matches to L_infantum-families.fa sequences in batch 354 of 584
identifying Simple Repeats in batch 354 of 584
identifying Simple Repeats in batch 355 of 584
identifying matches to L_infantum-families.fa sequences in batch 355 of 584
identifying Simple Repeats in batch 355 of 584
identifying Simple Repeats in batch 356 of 584
identifying matches to L_infantum-families.fa sequences in batch 356 of 584
identifying Simple Repeats in batch 356 of 584
identifying Simple Repeats in batch 357 of 584
identifying matches to L_infantum-families.fa sequences in batch 357 of 584
identifying Simple Repeats in batch 357 of 584
identifying Simple Repeats in batch 358 of 584
identifying matches to L_infantum-families.fa sequences in batch 358 of 584
identifying Simple Repeats in batch 358 of 584
identifying Simple Repeats in batch 359 of 584
identifying matches to L_infantum-families.fa sequences in batch 359 of 584
identifying Simple Repeats in batch 359 of 584
identifying Simple Repeats in batch 360 of 584
identifying matches to L_infantum-families.fa sequences in batch 360 of 584
identifying Simple Repeats in batch 360 of 584
identifying Simple Repeats in batch 361 of 584
identifying matches to L_infantum-families.fa sequences in batch 361 of 584
identifying Simple Repeats in batch 361 of 584
identifying Simple Repeats in batch 362 of 584
identifying matches to L_infantum-families.fa sequences in batch 362 of 584
identifying Simple Repeats in batch 362 of 584
identifying Simple Repeats in batch 363 of 584
identifying matches to L_infantum-families.fa sequences in batch 363 of 584
identifying Simple Repeats in batch 363 of 584
identifying Simple Repeats in batch 364 of 584
identifying matches to L_infantum-families.fa sequences in batch 364 of 584
identifying Simple Repeats in batch 364 of 584
identifying Simple Repeats in batch 365 of 584
identifying matches to L_infantum-families.fa sequences in batch 365 of 584
identifying Simple Repeats in batch 365 of 584
identifying Simple Repeats in batch 366 of 584
identifying matches to L_infantum-families.fa sequences in batch 366 of 584
identifying Simple Repeats in batch 366 of 584
identifying Simple Repeats in batch 367 of 584
identifying matches to L_infantum-families.fa sequences in batch 367 of 584
identifying Simple Repeats in batch 367 of 584
identifying Simple Repeats in batch 368 of 584
identifying matches to L_infantum-families.fa sequences in batch 368 of 584
identifying Simple Repeats in batch 368 of 584
identifying Simple Repeats in batch 369 of 584
identifying matches to L_infantum-families.fa sequences in batch 369 of 584
identifying Simple Repeats in batch 369 of 584
identifying Simple Repeats in batch 370 of 584
identifying matches to L_infantum-families.fa sequences in batch 370 of 584
identifying Simple Repeats in batch 370 of 584
identifying Simple Repeats in batch 371 of 584
identifying matches to L_infantum-families.fa sequences in batch 371 of 584
identifying Simple Repeats in batch 371 of 584
identifying Simple Repeats in batch 372 of 584
identifying matches to L_infantum-families.fa sequences in batch 372 of 584
identifying Simple Repeats in batch 372 of 584
identifying Simple Repeats in batch 373 of 584
identifying matches to L_infantum-families.fa sequences in batch 373 of 584
identifying Simple Repeats in batch 373 of 584
identifying Simple Repeats in batch 374 of 584
identifying matches to L_infantum-families.fa sequences in batch 374 of 584
identifying Simple Repeats in batch 374 of 584
identifying Simple Repeats in batch 375 of 584
identifying matches to L_infantum-families.fa sequences in batch 375 of 584
identifying Simple Repeats in batch 375 of 584
identifying Simple Repeats in batch 376 of 584
identifying matches to L_infantum-families.fa sequences in batch 376 of 584
identifying Simple Repeats in batch 376 of 584
identifying Simple Repeats in batch 377 of 584
identifying matches to L_infantum-families.fa sequences in batch 377 of 584
identifying Simple Repeats in batch 377 of 584
identifying Simple Repeats in batch 378 of 584
identifying matches to L_infantum-families.fa sequences in batch 378 of 584
identifying Simple Repeats in batch 378 of 584
identifying Simple Repeats in batch 379 of 584
identifying matches to L_infantum-families.fa sequences in batch 379 of 584
identifying Simple Repeats in batch 379 of 584
identifying Simple Repeats in batch 380 of 584
identifying matches to L_infantum-families.fa sequences in batch 380 of 584
identifying Simple Repeats in batch 380 of 584
identifying Simple Repeats in batch 381 of 584
identifying matches to L_infantum-families.fa sequences in batch 381 of 584
identifying Simple Repeats in batch 381 of 584
identifying Simple Repeats in batch 382 of 584
identifying matches to L_infantum-families.fa sequences in batch 382 of 584
identifying Simple Repeats in batch 382 of 584
identifying Simple Repeats in batch 383 of 584
identifying matches to L_infantum-families.fa sequences in batch 383 of 584
identifying Simple Repeats in batch 383 of 584
identifying Simple Repeats in batch 384 of 584
identifying matches to L_infantum-families.fa sequences in batch 384 of 584
identifying Simple Repeats in batch 384 of 584
identifying Simple Repeats in batch 385 of 584
identifying matches to L_infantum-families.fa sequences in batch 385 of 584
identifying Simple Repeats in batch 385 of 584
identifying Simple Repeats in batch 386 of 584
identifying matches to L_infantum-families.fa sequences in batch 386 of 584
identifying Simple Repeats in batch 386 of 584
identifying Simple Repeats in batch 387 of 584
identifying matches to L_infantum-families.fa sequences in batch 387 of 584
identifying Simple Repeats in batch 387 of 584
identifying Simple Repeats in batch 388 of 584
identifying matches to L_infantum-families.fa sequences in batch 388 of 584
identifying Simple Repeats in batch 388 of 584
identifying Simple Repeats in batch 389 of 584
identifying matches to L_infantum-families.fa sequences in batch 389 of 584
identifying Simple Repeats in batch 389 of 584
identifying Simple Repeats in batch 390 of 584
identifying matches to L_infantum-families.fa sequences in batch 390 of 584
identifying Simple Repeats in batch 390 of 584
identifying Simple Repeats in batch 391 of 584
identifying matches to L_infantum-families.fa sequences in batch 391 of 584
identifying Simple Repeats in batch 391 of 584
identifying Simple Repeats in batch 392 of 584
identifying matches to L_infantum-families.fa sequences in batch 392 of 584
identifying Simple Repeats in batch 392 of 584
identifying Simple Repeats in batch 393 of 584
identifying matches to L_infantum-families.fa sequences in batch 393 of 584
identifying Simple Repeats in batch 393 of 584
identifying Simple Repeats in batch 394 of 584
identifying matches to L_infantum-families.fa sequences in batch 394 of 584
identifying Simple Repeats in batch 394 of 584
identifying Simple Repeats in batch 395 of 584
identifying matches to L_infantum-families.fa sequences in batch 395 of 584
identifying Simple Repeats in batch 395 of 584
identifying Simple Repeats in batch 396 of 584
identifying matches to L_infantum-families.fa sequences in batch 396 of 584
identifying Simple Repeats in batch 396 of 584
identifying Simple Repeats in batch 397 of 584
identifying matches to L_infantum-families.fa sequences in batch 397 of 584
identifying Simple Repeats in batch 397 of 584
identifying Simple Repeats in batch 398 of 584
identifying matches to L_infantum-families.fa sequences in batch 398 of 584
identifying Simple Repeats in batch 398 of 584
identifying Simple Repeats in batch 399 of 584
identifying matches to L_infantum-families.fa sequences in batch 399 of 584
identifying Simple Repeats in batch 399 of 584
identifying Simple Repeats in batch 400 of 584
identifying matches to L_infantum-families.fa sequences in batch 400 of 584
identifying Simple Repeats in batch 400 of 584
identifying Simple Repeats in batch 401 of 584
identifying matches to L_infantum-families.fa sequences in batch 401 of 584
identifying Simple Repeats in batch 401 of 584
identifying Simple Repeats in batch 402 of 584
identifying matches to L_infantum-families.fa sequences in batch 402 of 584
identifying Simple Repeats in batch 402 of 584
identifying Simple Repeats in batch 403 of 584
identifying matches to L_infantum-families.fa sequences in batch 403 of 584
identifying Simple Repeats in batch 403 of 584
identifying Simple Repeats in batch 404 of 584
identifying matches to L_infantum-families.fa sequences in batch 404 of 584
identifying Simple Repeats in batch 404 of 584
identifying Simple Repeats in batch 405 of 584
identifying matches to L_infantum-families.fa sequences in batch 405 of 584
identifying Simple Repeats in batch 405 of 584
identifying Simple Repeats in batch 406 of 584
identifying matches to L_infantum-families.fa sequences in batch 406 of 584
identifying Simple Repeats in batch 406 of 584
identifying Simple Repeats in batch 407 of 584
identifying matches to L_infantum-families.fa sequences in batch 407 of 584
identifying Simple Repeats in batch 407 of 584
identifying Simple Repeats in batch 408 of 584
identifying matches to L_infantum-families.fa sequences in batch 408 of 584
identifying Simple Repeats in batch 408 of 584
identifying Simple Repeats in batch 409 of 584
identifying matches to L_infantum-families.fa sequences in batch 409 of 584
identifying Simple Repeats in batch 409 of 584
identifying Simple Repeats in batch 410 of 584
identifying matches to L_infantum-families.fa sequences in batch 410 of 584
identifying Simple Repeats in batch 410 of 584
identifying Simple Repeats in batch 411 of 584
identifying matches to L_infantum-families.fa sequences in batch 411 of 584
identifying Simple Repeats in batch 411 of 584
identifying Simple Repeats in batch 412 of 584
identifying matches to L_infantum-families.fa sequences in batch 412 of 584
identifying Simple Repeats in batch 412 of 584
identifying Simple Repeats in batch 413 of 584
identifying matches to L_infantum-families.fa sequences in batch 413 of 584
identifying Simple Repeats in batch 413 of 584
identifying Simple Repeats in batch 414 of 584
identifying matches to L_infantum-families.fa sequences in batch 414 of 584
identifying Simple Repeats in batch 414 of 584
identifying Simple Repeats in batch 415 of 584
identifying matches to L_infantum-families.fa sequences in batch 415 of 584
identifying Simple Repeats in batch 415 of 584
identifying Simple Repeats in batch 416 of 584
identifying matches to L_infantum-families.fa sequences in batch 416 of 584
identifying Simple Repeats in batch 416 of 584
identifying Simple Repeats in batch 417 of 584
identifying matches to L_infantum-families.fa sequences in batch 417 of 584
identifying Simple Repeats in batch 417 of 584
identifying Simple Repeats in batch 418 of 584
identifying matches to L_infantum-families.fa sequences in batch 418 of 584
identifying Simple Repeats in batch 418 of 584
identifying Simple Repeats in batch 419 of 584
identifying matches to L_infantum-families.fa sequences in batch 419 of 584
identifying Simple Repeats in batch 419 of 584
identifying Simple Repeats in batch 420 of 584
identifying matches to L_infantum-families.fa sequences in batch 420 of 584
identifying Simple Repeats in batch 420 of 584
identifying Simple Repeats in batch 421 of 584
identifying matches to L_infantum-families.fa sequences in batch 421 of 584
identifying Simple Repeats in batch 421 of 584
identifying Simple Repeats in batch 422 of 584
identifying matches to L_infantum-families.fa sequences in batch 422 of 584
identifying Simple Repeats in batch 422 of 584
identifying Simple Repeats in batch 423 of 584
identifying matches to L_infantum-families.fa sequences in batch 423 of 584
identifying Simple Repeats in batch 423 of 584
identifying Simple Repeats in batch 424 of 584
identifying matches to L_infantum-families.fa sequences in batch 424 of 584
identifying Simple Repeats in batch 424 of 584
identifying Simple Repeats in batch 425 of 584
identifying matches to L_infantum-families.fa sequences in batch 425 of 584
identifying Simple Repeats in batch 425 of 584
identifying Simple Repeats in batch 426 of 584
identifying matches to L_infantum-families.fa sequences in batch 426 of 584
identifying Simple Repeats in batch 426 of 584
identifying Simple Repeats in batch 427 of 584
identifying matches to L_infantum-families.fa sequences in batch 427 of 584
identifying Simple Repeats in batch 427 of 584
identifying Simple Repeats in batch 428 of 584
identifying matches to L_infantum-families.fa sequences in batch 428 of 584
identifying Simple Repeats in batch 428 of 584
identifying Simple Repeats in batch 429 of 584
identifying matches to L_infantum-families.fa sequences in batch 429 of 584
identifying Simple Repeats in batch 429 of 584
identifying Simple Repeats in batch 430 of 584
identifying matches to L_infantum-families.fa sequences in batch 430 of 584
identifying Simple Repeats in batch 430 of 584
identifying Simple Repeats in batch 431 of 584
identifying matches to L_infantum-families.fa sequences in batch 431 of 584
identifying Simple Repeats in batch 431 of 584
identifying Simple Repeats in batch 432 of 584
identifying matches to L_infantum-families.fa sequences in batch 432 of 584
identifying Simple Repeats in batch 432 of 584
identifying Simple Repeats in batch 433 of 584
identifying matches to L_infantum-families.fa sequences in batch 433 of 584
identifying Simple Repeats in batch 433 of 584
identifying Simple Repeats in batch 434 of 584
identifying matches to L_infantum-families.fa sequences in batch 434 of 584
identifying Simple Repeats in batch 434 of 584
identifying Simple Repeats in batch 435 of 584
identifying matches to L_infantum-families.fa sequences in batch 435 of 584
identifying Simple Repeats in batch 435 of 584
identifying Simple Repeats in batch 436 of 584
identifying matches to L_infantum-families.fa sequences in batch 436 of 584
identifying Simple Repeats in batch 436 of 584
identifying Simple Repeats in batch 437 of 584
identifying matches to L_infantum-families.fa sequences in batch 437 of 584
identifying Simple Repeats in batch 437 of 584
identifying Simple Repeats in batch 438 of 584
identifying matches to L_infantum-families.fa sequences in batch 438 of 584
identifying Simple Repeats in batch 438 of 584
identifying Simple Repeats in batch 439 of 584
identifying matches to L_infantum-families.fa sequences in batch 439 of 584
identifying Simple Repeats in batch 439 of 584
identifying Simple Repeats in batch 440 of 584
identifying matches to L_infantum-families.fa sequences in batch 440 of 584
identifying Simple Repeats in batch 440 of 584
identifying Simple Repeats in batch 441 of 584
identifying matches to L_infantum-families.fa sequences in batch 441 of 584
identifying Simple Repeats in batch 441 of 584
identifying Simple Repeats in batch 442 of 584
identifying matches to L_infantum-families.fa sequences in batch 442 of 584
identifying Simple Repeats in batch 442 of 584
identifying Simple Repeats in batch 443 of 584
identifying matches to L_infantum-families.fa sequences in batch 443 of 584
identifying Simple Repeats in batch 443 of 584
identifying Simple Repeats in batch 444 of 584
identifying matches to L_infantum-families.fa sequences in batch 444 of 584
identifying Simple Repeats in batch 444 of 584
identifying Simple Repeats in batch 445 of 584
identifying matches to L_infantum-families.fa sequences in batch 445 of 584
identifying Simple Repeats in batch 445 of 584
identifying Simple Repeats in batch 446 of 584
identifying matches to L_infantum-families.fa sequences in batch 446 of 584
identifying Simple Repeats in batch 446 of 584
identifying Simple Repeats in batch 447 of 584
identifying matches to L_infantum-families.fa sequences in batch 447 of 584
identifying Simple Repeats in batch 447 of 584
identifying Simple Repeats in batch 448 of 584
identifying matches to L_infantum-families.fa sequences in batch 448 of 584
identifying Simple Repeats in batch 448 of 584
identifying Simple Repeats in batch 449 of 584
identifying matches to L_infantum-families.fa sequences in batch 449 of 584
identifying Simple Repeats in batch 449 of 584
identifying Simple Repeats in batch 450 of 584
identifying matches to L_infantum-families.fa sequences in batch 450 of 584
identifying Simple Repeats in batch 450 of 584
identifying Simple Repeats in batch 451 of 584
identifying matches to L_infantum-families.fa sequences in batch 451 of 584
identifying Simple Repeats in batch 451 of 584
identifying Simple Repeats in batch 452 of 584
identifying matches to L_infantum-families.fa sequences in batch 452 of 584
identifying Simple Repeats in batch 452 of 584
identifying Simple Repeats in batch 453 of 584
identifying matches to L_infantum-families.fa sequences in batch 453 of 584
identifying Simple Repeats in batch 453 of 584
identifying Simple Repeats in batch 454 of 584
identifying matches to L_infantum-families.fa sequences in batch 454 of 584
identifying Simple Repeats in batch 454 of 584
identifying Simple Repeats in batch 455 of 584
identifying matches to L_infantum-families.fa sequences in batch 455 of 584
identifying Simple Repeats in batch 455 of 584
identifying Simple Repeats in batch 456 of 584
identifying matches to L_infantum-families.fa sequences in batch 456 of 584
identifying Simple Repeats in batch 456 of 584
identifying Simple Repeats in batch 457 of 584
identifying matches to L_infantum-families.fa sequences in batch 457 of 584
identifying Simple Repeats in batch 457 of 584
identifying Simple Repeats in batch 458 of 584
identifying matches to L_infantum-families.fa sequences in batch 458 of 584
identifying Simple Repeats in batch 458 of 584
identifying Simple Repeats in batch 459 of 584
identifying matches to L_infantum-families.fa sequences in batch 459 of 584
identifying Simple Repeats in batch 459 of 584
identifying Simple Repeats in batch 460 of 584
identifying matches to L_infantum-families.fa sequences in batch 460 of 584
identifying Simple Repeats in batch 460 of 584
identifying Simple Repeats in batch 461 of 584
identifying matches to L_infantum-families.fa sequences in batch 461 of 584
identifying Simple Repeats in batch 461 of 584
identifying Simple Repeats in batch 462 of 584
identifying matches to L_infantum-families.fa sequences in batch 462 of 584
identifying Simple Repeats in batch 462 of 584
identifying Simple Repeats in batch 463 of 584
identifying matches to L_infantum-families.fa sequences in batch 463 of 584
identifying Simple Repeats in batch 463 of 584
identifying Simple Repeats in batch 464 of 584
identifying matches to L_infantum-families.fa sequences in batch 464 of 584
identifying Simple Repeats in batch 464 of 584
identifying Simple Repeats in batch 465 of 584
identifying matches to L_infantum-families.fa sequences in batch 465 of 584
identifying Simple Repeats in batch 465 of 584
identifying Simple Repeats in batch 466 of 584
identifying matches to L_infantum-families.fa sequences in batch 466 of 584
identifying Simple Repeats in batch 466 of 584
identifying Simple Repeats in batch 467 of 584
identifying matches to L_infantum-families.fa sequences in batch 467 of 584
identifying Simple Repeats in batch 467 of 584
identifying Simple Repeats in batch 468 of 584
identifying matches to L_infantum-families.fa sequences in batch 468 of 584
identifying Simple Repeats in batch 468 of 584
identifying Simple Repeats in batch 469 of 584
identifying matches to L_infantum-families.fa sequences in batch 469 of 584
identifying Simple Repeats in batch 469 of 584
identifying Simple Repeats in batch 470 of 584
identifying matches to L_infantum-families.fa sequences in batch 470 of 584
identifying Simple Repeats in batch 470 of 584
identifying Simple Repeats in batch 471 of 584
identifying matches to L_infantum-families.fa sequences in batch 471 of 584
identifying Simple Repeats in batch 471 of 584
identifying Simple Repeats in batch 472 of 584
identifying matches to L_infantum-families.fa sequences in batch 472 of 584
identifying Simple Repeats in batch 472 of 584
identifying Simple Repeats in batch 473 of 584
identifying matches to L_infantum-families.fa sequences in batch 473 of 584
identifying Simple Repeats in batch 473 of 584
identifying Simple Repeats in batch 474 of 584
identifying matches to L_infantum-families.fa sequences in batch 474 of 584
identifying Simple Repeats in batch 474 of 584
identifying Simple Repeats in batch 475 of 584
identifying matches to L_infantum-families.fa sequences in batch 475 of 584
identifying Simple Repeats in batch 475 of 584
identifying Simple Repeats in batch 476 of 584
identifying matches to L_infantum-families.fa sequences in batch 476 of 584
identifying Simple Repeats in batch 476 of 584
identifying Simple Repeats in batch 477 of 584
identifying matches to L_infantum-families.fa sequences in batch 477 of 584
identifying Simple Repeats in batch 477 of 584
identifying Simple Repeats in batch 478 of 584
identifying matches to L_infantum-families.fa sequences in batch 478 of 584
identifying Simple Repeats in batch 478 of 584
identifying Simple Repeats in batch 479 of 584
identifying matches to L_infantum-families.fa sequences in batch 479 of 584
identifying Simple Repeats in batch 479 of 584
identifying Simple Repeats in batch 480 of 584
identifying matches to L_infantum-families.fa sequences in batch 480 of 584
identifying Simple Repeats in batch 480 of 584
identifying Simple Repeats in batch 481 of 584
identifying matches to L_infantum-families.fa sequences in batch 481 of 584
identifying Simple Repeats in batch 481 of 584
identifying Simple Repeats in batch 482 of 584
identifying matches to L_infantum-families.fa sequences in batch 482 of 584
identifying Simple Repeats in batch 482 of 584
identifying Simple Repeats in batch 483 of 584
identifying matches to L_infantum-families.fa sequences in batch 483 of 584
identifying Simple Repeats in batch 483 of 584
identifying Simple Repeats in batch 484 of 584
identifying matches to L_infantum-families.fa sequences in batch 484 of 584
identifying Simple Repeats in batch 484 of 584
identifying Simple Repeats in batch 485 of 584
identifying matches to L_infantum-families.fa sequences in batch 485 of 584
identifying Simple Repeats in batch 485 of 584
identifying Simple Repeats in batch 486 of 584
identifying matches to L_infantum-families.fa sequences in batch 486 of 584
identifying Simple Repeats in batch 486 of 584
identifying Simple Repeats in batch 487 of 584
identifying matches to L_infantum-families.fa sequences in batch 487 of 584
identifying Simple Repeats in batch 487 of 584
identifying Simple Repeats in batch 488 of 584
identifying matches to L_infantum-families.fa sequences in batch 488 of 584
identifying Simple Repeats in batch 488 of 584
identifying Simple Repeats in batch 489 of 584
identifying matches to L_infantum-families.fa sequences in batch 489 of 584
identifying Simple Repeats in batch 489 of 584
identifying Simple Repeats in batch 490 of 584
identifying matches to L_infantum-families.fa sequences in batch 490 of 584
identifying Simple Repeats in batch 490 of 584
identifying Simple Repeats in batch 491 of 584
identifying matches to L_infantum-families.fa sequences in batch 491 of 584
identifying Simple Repeats in batch 491 of 584
identifying Simple Repeats in batch 492 of 584
identifying matches to L_infantum-families.fa sequences in batch 492 of 584
identifying Simple Repeats in batch 492 of 584
identifying Simple Repeats in batch 493 of 584
identifying matches to L_infantum-families.fa sequences in batch 493 of 584
identifying Simple Repeats in batch 493 of 584
identifying Simple Repeats in batch 494 of 584
identifying matches to L_infantum-families.fa sequences in batch 494 of 584
identifying Simple Repeats in batch 494 of 584
identifying Simple Repeats in batch 495 of 584
identifying matches to L_infantum-families.fa sequences in batch 495 of 584
identifying Simple Repeats in batch 495 of 584
identifying Simple Repeats in batch 496 of 584
identifying matches to L_infantum-families.fa sequences in batch 496 of 584
identifying Simple Repeats in batch 496 of 584
identifying Simple Repeats in batch 497 of 584
identifying matches to L_infantum-families.fa sequences in batch 497 of 584
identifying Simple Repeats in batch 497 of 584
identifying Simple Repeats in batch 498 of 584
identifying matches to L_infantum-families.fa sequences in batch 498 of 584
identifying Simple Repeats in batch 498 of 584
identifying Simple Repeats in batch 499 of 584
identifying matches to L_infantum-families.fa sequences in batch 499 of 584
identifying Simple Repeats in batch 499 of 584
identifying Simple Repeats in batch 500 of 584
identifying matches to L_infantum-families.fa sequences in batch 500 of 584
identifying Simple Repeats in batch 500 of 584
identifying Simple Repeats in batch 501 of 584
identifying matches to L_infantum-families.fa sequences in batch 501 of 584
identifying Simple Repeats in batch 501 of 584
identifying Simple Repeats in batch 502 of 584
identifying matches to L_infantum-families.fa sequences in batch 502 of 584
identifying Simple Repeats in batch 502 of 584
identifying Simple Repeats in batch 503 of 584
identifying matches to L_infantum-families.fa sequences in batch 503 of 584
identifying Simple Repeats in batch 503 of 584
identifying Simple Repeats in batch 504 of 584
identifying matches to L_infantum-families.fa sequences in batch 504 of 584
identifying Simple Repeats in batch 504 of 584
identifying Simple Repeats in batch 505 of 584
identifying matches to L_infantum-families.fa sequences in batch 505 of 584
identifying Simple Repeats in batch 505 of 584
identifying Simple Repeats in batch 506 of 584
identifying matches to L_infantum-families.fa sequences in batch 506 of 584
identifying Simple Repeats in batch 506 of 584
identifying Simple Repeats in batch 507 of 584
identifying matches to L_infantum-families.fa sequences in batch 507 of 584
identifying Simple Repeats in batch 507 of 584
identifying Simple Repeats in batch 508 of 584
identifying matches to L_infantum-families.fa sequences in batch 508 of 584
identifying Simple Repeats in batch 508 of 584
identifying Simple Repeats in batch 509 of 584
identifying matches to L_infantum-families.fa sequences in batch 509 of 584
identifying Simple Repeats in batch 509 of 584
identifying Simple Repeats in batch 510 of 584
identifying matches to L_infantum-families.fa sequences in batch 510 of 584
identifying Simple Repeats in batch 510 of 584
identifying Simple Repeats in batch 511 of 584
identifying matches to L_infantum-families.fa sequences in batch 511 of 584
identifying Simple Repeats in batch 511 of 584
identifying Simple Repeats in batch 512 of 584
identifying matches to L_infantum-families.fa sequences in batch 512 of 584
identifying Simple Repeats in batch 512 of 584
identifying Simple Repeats in batch 513 of 584
identifying matches to L_infantum-families.fa sequences in batch 513 of 584
identifying Simple Repeats in batch 513 of 584
identifying Simple Repeats in batch 514 of 584
identifying matches to L_infantum-families.fa sequences in batch 514 of 584
identifying Simple Repeats in batch 514 of 584
identifying Simple Repeats in batch 515 of 584
identifying matches to L_infantum-families.fa sequences in batch 515 of 584
identifying Simple Repeats in batch 515 of 584
identifying Simple Repeats in batch 516 of 584
identifying matches to L_infantum-families.fa sequences in batch 516 of 584
identifying Simple Repeats in batch 516 of 584
identifying Simple Repeats in batch 517 of 584
identifying matches to L_infantum-families.fa sequences in batch 517 of 584
identifying Simple Repeats in batch 517 of 584
identifying Simple Repeats in batch 518 of 584
identifying matches to L_infantum-families.fa sequences in batch 518 of 584
identifying Simple Repeats in batch 518 of 584
identifying Simple Repeats in batch 519 of 584
identifying matches to L_infantum-families.fa sequences in batch 519 of 584
identifying Simple Repeats in batch 519 of 584
identifying Simple Repeats in batch 520 of 584
identifying matches to L_infantum-families.fa sequences in batch 520 of 584
identifying Simple Repeats in batch 520 of 584
identifying Simple Repeats in batch 521 of 584
identifying matches to L_infantum-families.fa sequences in batch 521 of 584
identifying Simple Repeats in batch 521 of 584
identifying Simple Repeats in batch 522 of 584
identifying matches to L_infantum-families.fa sequences in batch 522 of 584
identifying Simple Repeats in batch 522 of 584
identifying Simple Repeats in batch 523 of 584
identifying matches to L_infantum-families.fa sequences in batch 523 of 584
identifying Simple Repeats in batch 523 of 584
identifying Simple Repeats in batch 524 of 584
identifying matches to L_infantum-families.fa sequences in batch 524 of 584
identifying Simple Repeats in batch 524 of 584
identifying Simple Repeats in batch 525 of 584
identifying matches to L_infantum-families.fa sequences in batch 525 of 584
identifying Simple Repeats in batch 525 of 584
identifying Simple Repeats in batch 526 of 584
identifying matches to L_infantum-families.fa sequences in batch 526 of 584
identifying Simple Repeats in batch 526 of 584
identifying Simple Repeats in batch 527 of 584
identifying matches to L_infantum-families.fa sequences in batch 527 of 584
identifying Simple Repeats in batch 527 of 584
identifying Simple Repeats in batch 528 of 584
identifying matches to L_infantum-families.fa sequences in batch 528 of 584
identifying Simple Repeats in batch 528 of 584
identifying Simple Repeats in batch 529 of 584
identifying matches to L_infantum-families.fa sequences in batch 529 of 584
identifying Simple Repeats in batch 529 of 584
identifying Simple Repeats in batch 530 of 584
identifying matches to L_infantum-families.fa sequences in batch 530 of 584
identifying Simple Repeats in batch 530 of 584
identifying Simple Repeats in batch 531 of 584
identifying matches to L_infantum-families.fa sequences in batch 531 of 584
identifying Simple Repeats in batch 531 of 584
identifying Simple Repeats in batch 532 of 584
identifying matches to L_infantum-families.fa sequences in batch 532 of 584
identifying Simple Repeats in batch 532 of 584
identifying Simple Repeats in batch 533 of 584
identifying matches to L_infantum-families.fa sequences in batch 533 of 584
identifying Simple Repeats in batch 533 of 584
identifying Simple Repeats in batch 534 of 584
identifying matches to L_infantum-families.fa sequences in batch 534 of 584
identifying Simple Repeats in batch 534 of 584
identifying Simple Repeats in batch 535 of 584
identifying matches to L_infantum-families.fa sequences in batch 535 of 584
identifying Simple Repeats in batch 535 of 584
identifying Simple Repeats in batch 536 of 584
identifying matches to L_infantum-families.fa sequences in batch 536 of 584
identifying Simple Repeats in batch 536 of 584
identifying Simple Repeats in batch 537 of 584
identifying matches to L_infantum-families.fa sequences in batch 537 of 584
identifying Simple Repeats in batch 537 of 584
identifying Simple Repeats in batch 538 of 584
identifying matches to L_infantum-families.fa sequences in batch 538 of 584
identifying Simple Repeats in batch 538 of 584
identifying Simple Repeats in batch 539 of 584
identifying matches to L_infantum-families.fa sequences in batch 539 of 584
identifying Simple Repeats in batch 539 of 584
identifying Simple Repeats in batch 540 of 584
identifying matches to L_infantum-families.fa sequences in batch 540 of 584
identifying Simple Repeats in batch 540 of 584
identifying Simple Repeats in batch 541 of 584
identifying matches to L_infantum-families.fa sequences in batch 541 of 584
identifying Simple Repeats in batch 541 of 584
identifying Simple Repeats in batch 542 of 584
identifying matches to L_infantum-families.fa sequences in batch 542 of 584
identifying Simple Repeats in batch 542 of 584
identifying Simple Repeats in batch 543 of 584
identifying matches to L_infantum-families.fa sequences in batch 543 of 584
identifying Simple Repeats in batch 543 of 584
identifying Simple Repeats in batch 544 of 584
identifying matches to L_infantum-families.fa sequences in batch 544 of 584
identifying Simple Repeats in batch 544 of 584
identifying Simple Repeats in batch 545 of 584
identifying matches to L_infantum-families.fa sequences in batch 545 of 584
identifying Simple Repeats in batch 545 of 584
identifying Simple Repeats in batch 546 of 584
identifying matches to L_infantum-families.fa sequences in batch 546 of 584
identifying Simple Repeats in batch 546 of 584
identifying Simple Repeats in batch 547 of 584
identifying matches to L_infantum-families.fa sequences in batch 547 of 584
identifying Simple Repeats in batch 547 of 584
identifying Simple Repeats in batch 548 of 584
identifying matches to L_infantum-families.fa sequences in batch 548 of 584
identifying Simple Repeats in batch 548 of 584
identifying Simple Repeats in batch 549 of 584
identifying matches to L_infantum-families.fa sequences in batch 549 of 584
identifying Simple Repeats in batch 549 of 584
identifying Simple Repeats in batch 550 of 584
identifying matches to L_infantum-families.fa sequences in batch 550 of 584
identifying Simple Repeats in batch 550 of 584
identifying Simple Repeats in batch 551 of 584
identifying matches to L_infantum-families.fa sequences in batch 551 of 584
identifying Simple Repeats in batch 551 of 584
identifying Simple Repeats in batch 552 of 584
identifying matches to L_infantum-families.fa sequences in batch 552 of 584
identifying Simple Repeats in batch 552 of 584
identifying Simple Repeats in batch 553 of 584
identifying matches to L_infantum-families.fa sequences in batch 553 of 584
identifying Simple Repeats in batch 553 of 584
identifying Simple Repeats in batch 554 of 584
identifying matches to L_infantum-families.fa sequences in batch 554 of 584
identifying Simple Repeats in batch 554 of 584
identifying Simple Repeats in batch 555 of 584
identifying matches to L_infantum-families.fa sequences in batch 555 of 584
identifying Simple Repeats in batch 555 of 584
identifying Simple Repeats in batch 556 of 584
identifying matches to L_infantum-families.fa sequences in batch 556 of 584
identifying Simple Repeats in batch 556 of 584
identifying Simple Repeats in batch 557 of 584
identifying matches to L_infantum-families.fa sequences in batch 557 of 584
identifying Simple Repeats in batch 557 of 584
identifying Simple Repeats in batch 558 of 584
identifying matches to L_infantum-families.fa sequences in batch 558 of 584
identifying Simple Repeats in batch 558 of 584
identifying Simple Repeats in batch 559 of 584
identifying matches to L_infantum-families.fa sequences in batch 559 of 584
identifying Simple Repeats in batch 559 of 584
identifying Simple Repeats in batch 560 of 584
identifying matches to L_infantum-families.fa sequences in batch 560 of 584
identifying Simple Repeats in batch 560 of 584
identifying Simple Repeats in batch 561 of 584
identifying matches to L_infantum-families.fa sequences in batch 561 of 584
identifying Simple Repeats in batch 561 of 584
identifying Simple Repeats in batch 562 of 584
identifying matches to L_infantum-families.fa sequences in batch 562 of 584
identifying Simple Repeats in batch 562 of 584
identifying Simple Repeats in batch 563 of 584
identifying matches to L_infantum-families.fa sequences in batch 563 of 584
identifying Simple Repeats in batch 563 of 584
identifying Simple Repeats in batch 564 of 584
identifying matches to L_infantum-families.fa sequences in batch 564 of 584
identifying Simple Repeats in batch 564 of 584
identifying Simple Repeats in batch 565 of 584
identifying matches to L_infantum-families.fa sequences in batch 565 of 584
identifying Simple Repeats in batch 565 of 584
identifying Simple Repeats in batch 566 of 584
identifying matches to L_infantum-families.fa sequences in batch 566 of 584
identifying Simple Repeats in batch 566 of 584
identifying Simple Repeats in batch 567 of 584
identifying matches to L_infantum-families.fa sequences in batch 567 of 584
identifying Simple Repeats in batch 567 of 584
identifying Simple Repeats in batch 568 of 584
identifying matches to L_infantum-families.fa sequences in batch 568 of 584
identifying Simple Repeats in batch 568 of 584
identifying Simple Repeats in batch 569 of 584
identifying matches to L_infantum-families.fa sequences in batch 569 of 584
identifying Simple Repeats in batch 569 of 584
identifying Simple Repeats in batch 570 of 584
identifying matches to L_infantum-families.fa sequences in batch 570 of 584
identifying Simple Repeats in batch 570 of 584
identifying Simple Repeats in batch 571 of 584
identifying matches to L_infantum-families.fa sequences in batch 571 of 584
identifying Simple Repeats in batch 571 of 584
identifying Simple Repeats in batch 572 of 584
identifying matches to L_infantum-families.fa sequences in batch 572 of 584
identifying Simple Repeats in batch 572 of 584
identifying Simple Repeats in batch 573 of 584
identifying matches to L_infantum-families.fa sequences in batch 573 of 584
identifying Simple Repeats in batch 573 of 584
identifying Simple Repeats in batch 574 of 584
identifying matches to L_infantum-families.fa sequences in batch 574 of 584
identifying Simple Repeats in batch 574 of 584
identifying Simple Repeats in batch 575 of 584
identifying matches to L_infantum-families.fa sequences in batch 575 of 584
identifying Simple Repeats in batch 575 of 584
identifying Simple Repeats in batch 576 of 584
identifying matches to L_infantum-families.fa sequences in batch 576 of 584
identifying Simple Repeats in batch 576 of 584
identifying Simple Repeats in batch 577 of 584
identifying matches to L_infantum-families.fa sequences in batch 577 of 584
identifying Simple Repeats in batch 577 of 584
identifying Simple Repeats in batch 578 of 584
identifying matches to L_infantum-families.fa sequences in batch 578 of 584
identifying Simple Repeats in batch 578 of 584
identifying Simple Repeats in batch 579 of 584
identifying matches to L_infantum-families.fa sequences in batch 579 of 584
identifying Simple Repeats in batch 579 of 584
identifying Simple Repeats in batch 580 of 584
identifying matches to L_infantum-families.fa sequences in batch 580 of 584
identifying Simple Repeats in batch 580 of 584
identifying Simple Repeats in batch 581 of 584
identifying matches to L_infantum-families.fa sequences in batch 581 of 584
identifying Simple Repeats in batch 581 of 584
identifying Simple Repeats in batch 582 of 584
identifying matches to L_infantum-families.fa sequences in batch 582 of 584
identifying Simple Repeats in batch 582 of 584
identifying Simple Repeats in batch 583 of 584
identifying matches to L_infantum-families.fa sequences in batch 583 of 584
identifying Simple Repeats in batch 583 of 584
identifying Simple Repeats in batch 584 of 584
identifying matches to L_infantum-families.fa sequences in batch 584 of 584
identifying Simple Repeats in batch 584 of 584
processing output: 
cycle 1 ...............................
cycle 2 ...............................
cycle 3 ..............................
cycle 4 ..............................
cycle 5 
cycle 6 ..............................
cycle 7 ..............................
cycle 8 ...........................
cycle 9 ...........................
cycle 10 ............................
Generating output... ...........................
masking
done
