
##########################
### LTR_retriever v2.9.0 ###
##########################

Contributors: Shujun Ou, Ning Jiang

For LTR_retriever, please cite:

	Ou S and Jiang N (2018). LTR_retriever: A Highly Accurate and Sensitive Program for Identification of Long Terminal Repeat Retrotransposons. Plant Physiol. 176(2): 1410-1422.

For LAI, please cite:

	Ou S, Chen J, Jiang N (2018). Assessing genome assembly quality using the LTR Assembly Index (LAI). Nucleic Acids Res. 2018;46(21):e126.

Parameters: -repeatmasker /opt/RepeatMasker -blastplus /opt/rmblast/bin -cdhit_path /opt/cd-hit -trf_path /opt/trf -genome seq.fa -inharvest /work/RM_15.FriMay261534262023/LTR_40270.FriMay261710392023/raw-struct-results.txt -noanno -threads 12


Fri May 26 17:10:54 UTC 2023	Dependency checking: All passed!
Fri May 26 17:11:05 UTC 2023	LTR_retriever is starting from the Init step.
Fri May 26 17:11:05 UTC 2023	Start to convert inputs...
				Total candidates: 418
				Total uniq candidates: 418

Fri May 26 17:11:05 UTC 2023	Module 1: Start to clean up candidates...
				Sequences with 10 missing bp or 0.8 missing data rate will be discarded.
				Sequences containing tandem repeats will be discarded.

Fri May 26 17:11:33 UTC 2023	354 clean candidates remained

Fri May 26 17:11:33 UTC 2023	Modules 2-5: Start to analyze the structure of candidates...
				The terminal motif, TSD, boundary, orientation, age, and superfamily will be identified in this step.

Fri May 26 17:13:02 UTC 2023	Intact LTR-RT found: 0

Fri May 26 17:13:02 UTC 2023	No LTR-RT was found in your data.

Fri May 26 17:13:02 UTC 2023	All analyses were finished!
