RepeatModeler Version 2.0.4
===========================
Using output directory = /work/RM_15.FriMay261534262023
Search Engine = rmblast 2.14.0+
Threads = 12
Dependencies: TRF 4.09, RECON 1.08, RepeatScout 1.0.6, RepeatMasker 4.1.5
LTR Structural Analysis: Enabled ( GenomeTools 1.6.0, LTR_Retriever v2.9.0,
                                   Ninja 0.97-cluster_only, MAFFT 7.471,
                                   CD-HIT 4.8.1 )
Random Number Seed: 1685115263
Database = /work/L_infantum   - Sequences = 36
  - Bases = 32802969
Storage Throughput = excellent ( 2051.01 MB/s )


RepeatModeler Round # 1
========================
Searching for Repeats
 -- Sampling from the database...
   - Gathering up to 40000000 bp
   - Final Sample Size = 32802962 bp ( 32802961 non ambiguous )
   - Num Contigs Represented = 36
   - Sequence extraction : 00:00:02 (hh:mm:ss) Elapsed Time
 -- Running RepeatScout on the sequences...
   - RepeatScout: 00:05:01 (hh:mm:ss) Elapsed Time
Round Time: 00:15:15 (hh:mm:ss) Elapsed Time : 136 families discovered.


RepeatModeler Round # 2
========================
Searching for Repeats
 -- Sampling from the database...
   - Gathering up to 10000000 bp
   - Sequence extraction : 00:00:01 (hh:mm:ss) Elapsed Time
 -- Running TRFMask on the sequence...
   - TRFMask time 00:03:50 (hh:mm:ss) Elapsed Time
 -- Masking repeats from the previous rounds...
       2320 repeats masked totaling 634793 bp(s).
   - TE Masking time 00:00:19 (hh:mm:ss) Elapsed Time
 -- Sample Stats:
       Sample Size 10017787 bp
       Num Contigs Represented = 35
       Non ambiguous bp:
             Initial: 10017787 bp
             After Masking: 9250706 bp
             Masked: 7.66 % 
 -- Input Database Coverage: 10017787 bp out of 32802969 bp ( 30.54 % )
Sampling Time: 00:04:12 (hh:mm:ss) Elapsed Time
Running all-by-other comparisons...
  - Total Comparisons = 31878
Comparison Time: 00:16:30 (hh:mm:ss) Elapsed Time, 2166 HSPs Collected
Number of families returned by RECON: 809
Round Time: 00:20:56 (hh:mm:ss) Elapsed Time : 3 families discovered.


RepeatModeler Round # 3
========================
Searching for Repeats
 -- Sampling from the database...
   - Gathering up to 30000000 bp
   - Sequence extraction : 00:00:02 (hh:mm:ss) Elapsed Time
 -- Running TRFMask on the sequence...
   - TRFMask time 00:00:19 (hh:mm:ss) Elapsed Time
 -- Masking repeats from the previous rounds...
       5268 repeats masked totaling 1547491 bp(s).
   - TE Masking time 00:00:42 (hh:mm:ss) Elapsed Time
 -- Sample Stats:
       Sample Size 22785099 bp
       Num Contigs Represented = 36
       Non ambiguous bp:
             Initial: 22785098 bp
             After Masking: 20986980 bp
             Masked: 7.89 % 
 -- Input Database Coverage: 32802886 bp out of 32802969 bp ( 100.00 % )
Sampling Time: 00:01:06 (hh:mm:ss) Elapsed Time
Running all-by-other comparisons...
  - Total Comparisons = 170820
Comparison Time: 00:58:18 (hh:mm:ss) Elapsed Time, 11191 HSPs Collected
Number of families returned by RECON: 3230
Round Time: 00:59:59 (hh:mm:ss) Elapsed Time : 8 families discovered.

RepeatScout/RECON discovery complete: 147 families found


LTR Structural Analysis
=======================
LTRPipeline Time: 00:02:24 (hh:mm:ss) Elapsed Time


Classification Time: 00:03:32 (hh:mm:ss) Elapsed Time


Program Time: 01:42:06 (hh:mm:ss) Elapsed Time
