

Building a new DB, current time: 05/26/2023 16:11:43
New DB name:   /work/RM_15.FriMay261534262023/round-3/sampleDB-3.fa.masked
New DB title:  /work/RM_15.FriMay261534262023/round-3/sampleDB-3.fa.masked
Sequence type: Nucleotide
Keep MBits: T
Maximum file size: 3000000000B
Adding sequences from FASTA; added 585 sequences in 0.108592 seconds.




Building a new DB, current time: 05/26/2023 17:10:13
New DB name:   /work/RM_15.FriMay261534262023/round-3/family-200.fa
New DB title:  /work/RM_15.FriMay261534262023/round-3/family-200.fa
Sequence type: Nucleotide
Keep MBits: T
Maximum file size: 3000000000B
Adding sequences from FASTA; added 35 sequences in 0.0003829 seconds.




Building a new DB, current time: 05/26/2023 17:10:13
New DB name:   /work/RM_15.FriMay261534262023/round-3/family-65.fa
New DB title:  /work/RM_15.FriMay261534262023/round-3/family-65.fa
Sequence type: Nucleotide
Keep MBits: T
Maximum file size: 3000000000B
Adding sequences from FASTA; added 19 sequences in 0.000290155 seconds.




Building a new DB, current time: 05/26/2023 17:10:13
New DB name:   /work/RM_15.FriMay261534262023/round-3/family-768.fa
New DB title:  /work/RM_15.FriMay261534262023/round-3/family-768.fa
Sequence type: Nucleotide
Keep MBits: T
Maximum file size: 3000000000B
Adding sequences from FASTA; added 22 sequences in 0.000334978 seconds.




Building a new DB, current time: 05/26/2023 17:10:13


Building a new DB, current time: 05/26/2023 17:10:13
New DB name:   /work/RM_15.FriMay261534262023/round-3/family-528.fa
New DB name:   /work/RM_15.FriMay261534262023/round-3/family-53.fa
New DB title:  /work/RM_15.FriMay261534262023/round-3/family-528.fa
New DB title:  /work/RM_15.FriMay261534262023/round-3/family-53.fa
Sequence type: Nucleotide
Sequence type: Nucleotide
Keep MBits: T
Keep MBits: T
Maximum file size: 3000000000B
Maximum file size: 3000000000B


Building a new DB, current time: 05/26/2023 17:10:13
New DB name:   /work/RM_15.FriMay261534262023/round-3/family-765.fa
New DB title:  /work/RM_15.FriMay261534262023/round-3/family-765.fa
Sequence type: Nucleotide
Adding sequences from FASTA; added 20 sequences in 0.000320911 seconds.


Adding sequences from FASTA; added 24 sequences in 0.000358105 seconds.
Keep MBits: T
Maximum file size: 3000000000B


Adding sequences from FASTA; added 19 sequences in 0.000281096 seconds.




Building a new DB, current time: 05/26/2023 17:10:13
New DB name:   /work/RM_15.FriMay261534262023/round-3/family-2395.fa
New DB title:  /work/RM_15.FriMay261534262023/round-3/family-2395.fa
Sequence type: Nucleotide
Keep MBits: T
Maximum file size: 3000000000B
Adding sequences from FASTA; added 22 sequences in 0.000285864 seconds.




Building a new DB, current time: 05/26/2023 17:10:13
New DB name:   /work/RM_15.FriMay261534262023/round-3/family-476.fa
New DB title:  /work/RM_15.FriMay261534262023/round-3/family-476.fa
Sequence type: Nucleotide
Keep MBits: T
Maximum file size: 3000000000B
Adding sequences from FASTA; added 16 sequences in 0.000241995 seconds.




Building a new DB, current time: 05/26/2023 17:10:13
New DB name:   /work/RM_15.FriMay261534262023/round-3/family-115.fa
New DB title:  /work/RM_15.FriMay261534262023/round-3/family-115.fa
Sequence type: Nucleotide
Keep MBits: T
Maximum file size: 3000000000B
Adding sequences from FASTA; added 16 sequences in 0.000248909 seconds.




Building a new DB, current time: 05/26/2023 17:10:13
New DB name:   /work/RM_15.FriMay261534262023/round-3/family-55.fa
New DB title:  /work/RM_15.FriMay261534262023/round-3/family-55.fa
Sequence type: Nucleotide
Keep MBits: T
Maximum file size: 3000000000B
Adding sequences from FASTA; added 21 sequences in 0.000283957 seconds.




Building a new DB, current time: 05/26/2023 17:10:13
New DB name:   /work/RM_15.FriMay261534262023/round-3/family-384.fa
New DB title:  /work/RM_15.FriMay261534262023/round-3/family-384.fa
Sequence type: Nucleotide
Keep MBits: T
Maximum file size: 3000000000B
Adding sequences from FASTA; added 31 sequences in 0.000393152 seconds.




Building a new DB, current time: 05/26/2023 17:10:13
New DB name:   /work/RM_15.FriMay261534262023/round-3/family-195.fa
New DB title:  /work/RM_15.FriMay261534262023/round-3/family-195.fa
Sequence type: Nucleotide
Keep MBits: T
Maximum file size: 3000000000B
Adding sequences from FASTA; added 19 sequences in 0.000252962 seconds.




Building a new DB, current time: 05/26/2023 17:10:15
New DB name:   /work/RM_15.FriMay261534262023/round-3/family-200-cons-2.fa
New DB title:  /work/RM_15.FriMay261534262023/round-3/family-200-cons-2.fa
Sequence type: Nucleotide
Keep MBits: T
Maximum file size: 3000000000B
Adding sequences from FASTA; added 1 sequences in 8.98838e-05 seconds.




Building a new DB, current time: 05/26/2023 17:10:15
New DB name:   /work/RM_15.FriMay261534262023/round-3/family-53-cons-2.fa
New DB title:  /work/RM_15.FriMay261534262023/round-3/family-53-cons-2.fa
Sequence type: Nucleotide
Keep MBits: T
Maximum file size: 3000000000B
Adding sequences from FASTA; added 1 sequences in 9.20296e-05 seconds.




Building a new DB, current time: 05/26/2023 17:10:15
New DB name:   /work/RM_15.FriMay261534262023/round-3/family-476-cons-2.fa
New DB title:  /work/RM_15.FriMay261534262023/round-3/family-476-cons-2.fa
Sequence type: Nucleotide
Keep MBits: T
Maximum file size: 3000000000B
Adding sequences from FASTA; added 1 sequences in 0.000101089 seconds.




Building a new DB, current time: 05/26/2023 17:10:15
New DB name:   /work/RM_15.FriMay261534262023/round-3/family-2395-cons-2.fa
New DB title:  /work/RM_15.FriMay261534262023/round-3/family-2395-cons-2.fa
Sequence type: Nucleotide
Keep MBits: T
Maximum file size: 3000000000B
Adding sequences from FASTA; added 1 sequences in 6.98566e-05 seconds.




Building a new DB, current time: 05/26/2023 17:10:15
New DB name:   /work/RM_15.FriMay261534262023/round-3/family-65-cons-2.fa
New DB title:  /work/RM_15.FriMay261534262023/round-3/family-65-cons-2.fa
Sequence type: Nucleotide
Keep MBits: T
Maximum file size: 3000000000B
Adding sequences from FASTA; added 1 sequences in 7.58171e-05 seconds.




Building a new DB, current time: 05/26/2023 17:10:15
New DB name:   /work/RM_15.FriMay261534262023/round-3/family-765-cons-2.fa
New DB title:  /work/RM_15.FriMay261534262023/round-3/family-765-cons-2.fa
Sequence type: Nucleotide
Keep MBits: T
Maximum file size: 3000000000B
Adding sequences from FASTA; added 1 sequences in 8.51154e-05 seconds.




Building a new DB, current time: 05/26/2023 17:10:15
New DB name:   /work/RM_15.FriMay261534262023/round-3/family-115-cons-2.fa
New DB title:  /work/RM_15.FriMay261534262023/round-3/family-115-cons-2.fa
Sequence type: Nucleotide
Keep MBits: T
Maximum file size: 3000000000B
Adding sequences from FASTA; added 1 sequences in 0.000127077 seconds.




Building a new DB, current time: 05/26/2023 17:10:15
New DB name:   /work/RM_15.FriMay261534262023/round-3/family-195-cons-2.fa
New DB title:  /work/RM_15.FriMay261534262023/round-3/family-195-cons-2.fa
Sequence type: Nucleotide
Keep MBits: T
Maximum file size: 3000000000B
Adding sequences from FASTA; added 1 sequences in 9.70364e-05 seconds.




Building a new DB, current time: 05/26/2023 17:10:15
New DB name:   /work/RM_15.FriMay261534262023/round-3/family-55-cons-2.fa
New DB title:  /work/RM_15.FriMay261534262023/round-3/family-55-cons-2.fa
Sequence type: Nucleotide
Keep MBits: T
Maximum file size: 3000000000B
Adding sequences from FASTA; added 1 sequences in 7.20024e-05 seconds.




Building a new DB, current time: 05/26/2023 17:10:15
New DB name:   /work/RM_15.FriMay261534262023/round-3/family-384-cons-2.fa
New DB title:  /work/RM_15.FriMay261534262023/round-3/family-384-cons-2.fa
Sequence type: Nucleotide
Keep MBits: T
Maximum file size: 3000000000B
Adding sequences from FASTA; added 1 sequences in 9.08375e-05 seconds.




Building a new DB, current time: 05/26/2023 17:10:15
New DB name:   /work/RM_15.FriMay261534262023/round-3/family-768-cons-2.fa
New DB title:  /work/RM_15.FriMay261534262023/round-3/family-768-cons-2.fa
Sequence type: Nucleotide
Keep MBits: T
Maximum file size: 3000000000B
Adding sequences from FASTA; added 1 sequences in 7.00951e-05 seconds.




Building a new DB, current time: 05/26/2023 17:10:16
New DB name:   /work/RM_15.FriMay261534262023/round-3/family-528-cons-2.fa
New DB title:  /work/RM_15.FriMay261534262023/round-3/family-528-cons-2.fa
Sequence type: Nucleotide
Keep MBits: T
Maximum file size: 3000000000B
Adding sequences from FASTA; added 1 sequences in 9.98974e-05 seconds.




Building a new DB, current time: 05/26/2023 17:10:17
New DB name:   /work/RM_15.FriMay261534262023/round-3/family-200-cons-3.fa
New DB title:  /work/RM_15.FriMay261534262023/round-3/family-200-cons-3.fa
Sequence type: Nucleotide
Keep MBits: T
Maximum file size: 3000000000B
Adding sequences from FASTA; added 1 sequences in 8.98838e-05 seconds.




Building a new DB, current time: 05/26/2023 17:10:17
New DB name:   /work/RM_15.FriMay261534262023/round-3/family-765-cons-3.fa
New DB title:  /work/RM_15.FriMay261534262023/round-3/family-765-cons-3.fa
Sequence type: Nucleotide
Keep MBits: T
Maximum file size: 3000000000B
Adding sequences from FASTA; added 1 sequences in 9.10759e-05 seconds.




Building a new DB, current time: 05/26/2023 17:10:17
New DB name:   /work/RM_15.FriMay261534262023/round-3/family-476-cons-3.fa
New DB title:  /work/RM_15.FriMay261534262023/round-3/family-476-cons-3.fa
Sequence type: Nucleotide
Keep MBits: T
Maximum file size: 3000000000B
Adding sequences from FASTA; added 1 sequences in 8.89301e-05 seconds.




Building a new DB, current time: 05/26/2023 17:10:17
New DB name:   /work/RM_15.FriMay261534262023/round-3/family-115-cons-3.fa
New DB title:  /work/RM_15.FriMay261534262023/round-3/family-115-cons-3.fa
Sequence type: Nucleotide
Keep MBits: T
Maximum file size: 3000000000B
Adding sequences from FASTA; added 1 sequences in 6.50883e-05 seconds.




Building a new DB, current time: 05/26/2023 17:10:17
New DB name:   /work/RM_15.FriMay261534262023/round-3/family-53-cons-3.fa
New DB title:  /work/RM_15.FriMay261534262023/round-3/family-53-cons-3.fa
Sequence type: Nucleotide
Keep MBits: T
Maximum file size: 3000000000B
Adding sequences from FASTA; added 1 sequences in 0.000110865 seconds.




Building a new DB, current time: 05/26/2023 17:10:17
New DB name:   /work/RM_15.FriMay261534262023/round-3/family-2395-cons-3.fa
New DB title:  /work/RM_15.FriMay261534262023/round-3/family-2395-cons-3.fa
Sequence type: Nucleotide
Keep MBits: T
Maximum file size: 3000000000B
Adding sequences from FASTA; added 1 sequences in 8.79765e-05 seconds.




Building a new DB, current time: 05/26/2023 17:10:17
New DB name:   /work/RM_15.FriMay261534262023/round-3/family-65-cons-3.fa
New DB title:  /work/RM_15.FriMay261534262023/round-3/family-65-cons-3.fa
Sequence type: Nucleotide
Keep MBits: T
Maximum file size: 3000000000B
Adding sequences from FASTA; added 1 sequences in 7.70092e-05 seconds.




Building a new DB, current time: 05/26/2023 17:10:17
New DB name:   /work/RM_15.FriMay261534262023/round-3/family-195-cons-3.fa
New DB title:  /work/RM_15.FriMay261534262023/round-3/family-195-cons-3.fa
Sequence type: Nucleotide
Keep MBits: T
Maximum file size: 3000000000B
Adding sequences from FASTA; added 1 sequences in 8.70228e-05 seconds.




Building a new DB, current time: 05/26/2023 17:10:17
New DB name:   /work/RM_15.FriMay261534262023/round-3/family-55-cons-3.fa
New DB title:  /work/RM_15.FriMay261534262023/round-3/family-55-cons-3.fa
Sequence type: Nucleotide
Keep MBits: T
Maximum file size: 3000000000B
Adding sequences from FASTA; added 1 sequences in 8.10623e-05 seconds.




Building a new DB, current time: 05/26/2023 17:10:17
New DB name:   /work/RM_15.FriMay261534262023/round-3/family-384-cons-3.fa
New DB title:  /work/RM_15.FriMay261534262023/round-3/family-384-cons-3.fa
Sequence type: Nucleotide
Keep MBits: T
Maximum file size: 3000000000B
Adding sequences from FASTA; added 1 sequences in 9.29832e-05 seconds.




Building a new DB, current time: 05/26/2023 17:10:17
New DB name:   /work/RM_15.FriMay261534262023/round-3/family-768-cons-3.fa
New DB title:  /work/RM_15.FriMay261534262023/round-3/family-768-cons-3.fa
Sequence type: Nucleotide
Keep MBits: T
Maximum file size: 3000000000B
Adding sequences from FASTA; added 1 sequences in 9.29832e-05 seconds.




Building a new DB, current time: 05/26/2023 17:10:18
New DB name:   /work/RM_15.FriMay261534262023/round-3/family-528-cons-3.fa
New DB title:  /work/RM_15.FriMay261534262023/round-3/family-528-cons-3.fa
Sequence type: Nucleotide
Keep MBits: T
Maximum file size: 3000000000B
Adding sequences from FASTA; added 1 sequences in 9.89437e-05 seconds.




Building a new DB, current time: 05/26/2023 17:10:19
New DB name:   /work/RM_15.FriMay261534262023/round-3/family-115-cons-4.fa
New DB title:  /work/RM_15.FriMay261534262023/round-3/family-115-cons-4.fa
Sequence type: Nucleotide
Keep MBits: T
Maximum file size: 3000000000B
Adding sequences from FASTA; added 1 sequences in 9.29832e-05 seconds.




Building a new DB, current time: 05/26/2023 17:10:19
New DB name:   /work/RM_15.FriMay261534262023/round-3/family-765-cons-4.fa
New DB title:  /work/RM_15.FriMay261534262023/round-3/family-765-cons-4.fa
Sequence type: Nucleotide
Keep MBits: T
Maximum file size: 3000000000B
Adding sequences from FASTA; added 1 sequences in 9.01222e-05 seconds.




Building a new DB, current time: 05/26/2023 17:10:19
New DB name:   /work/RM_15.FriMay261534262023/round-3/family-476-cons-4.fa
New DB title:  /work/RM_15.FriMay261534262023/round-3/family-476-cons-4.fa
Sequence type: Nucleotide
Keep MBits: T
Maximum file size: 3000000000B
Adding sequences from FASTA; added 1 sequences in 8.39233e-05 seconds.




Building a new DB, current time: 05/26/2023 17:10:19
New DB name:   /work/RM_15.FriMay261534262023/round-3/family-200-cons-4.fa
New DB title:  /work/RM_15.FriMay261534262023/round-3/family-200-cons-4.fa
Sequence type: Nucleotide
Keep MBits: T
Maximum file size: 3000000000B
Adding sequences from FASTA; added 1 sequences in 8.70228e-05 seconds.




Building a new DB, current time: 05/26/2023 17:10:19
New DB name:   /work/RM_15.FriMay261534262023/round-3/family-53-cons-4.fa
New DB title:  /work/RM_15.FriMay261534262023/round-3/family-53-cons-4.fa
Sequence type: Nucleotide
Keep MBits: T
Maximum file size: 3000000000B
Adding sequences from FASTA; added 1 sequences in 9.39369e-05 seconds.




Building a new DB, current time: 05/26/2023 17:10:19
New DB name:   /work/RM_15.FriMay261534262023/round-3/family-2395-cons-4.fa
New DB title:  /work/RM_15.FriMay261534262023/round-3/family-2395-cons-4.fa
Sequence type: Nucleotide
Keep MBits: T
Maximum file size: 3000000000B
Adding sequences from FASTA; added 1 sequences in 9.08375e-05 seconds.




Building a new DB, current time: 05/26/2023 17:10:19
New DB name:   /work/RM_15.FriMay261534262023/round-3/family-65-cons-4.fa
New DB title:  /work/RM_15.FriMay261534262023/round-3/family-65-cons-4.fa
Sequence type: Nucleotide
Keep MBits: T
Maximum file size: 3000000000B
Adding sequences from FASTA; added 1 sequences in 7.39098e-05 seconds.




Building a new DB, current time: 05/26/2023 17:10:19
New DB name:   /work/RM_15.FriMay261534262023/round-3/family-55-cons-4.fa
New DB title:  /work/RM_15.FriMay261534262023/round-3/family-55-cons-4.fa
Sequence type: Nucleotide
Keep MBits: T
Maximum file size: 3000000000B


Building a new DB, current time: 05/26/2023 17:10:19
New DB name:   /work/RM_15.FriMay261534262023/round-3/family-384-cons-4.fa
New DB title:  /work/RM_15.FriMay261534262023/round-3/family-384-cons-4.fa
Sequence type: Nucleotide
Adding sequences from FASTA; added 1 sequences in 9.60827e-05 seconds.
Keep MBits: T
Maximum file size: 3000000000B


Adding sequences from FASTA; added 1 sequences in 6.60419e-05 seconds.




Building a new DB, current time: 05/26/2023 17:10:19
New DB name:   /work/RM_15.FriMay261534262023/round-3/family-195-cons-4.fa
New DB title:  /work/RM_15.FriMay261534262023/round-3/family-195-cons-4.fa
Sequence type: Nucleotide
Keep MBits: T
Maximum file size: 3000000000B
Adding sequences from FASTA; added 1 sequences in 6.69956e-05 seconds.




Building a new DB, current time: 05/26/2023 17:10:19
New DB name:   /work/RM_15.FriMay261534262023/round-3/family-768-cons-4.fa
New DB title:  /work/RM_15.FriMay261534262023/round-3/family-768-cons-4.fa
Sequence type: Nucleotide
Keep MBits: T
Maximum file size: 3000000000B
Adding sequences from FASTA; added 1 sequences in 9.58443e-05 seconds.




Building a new DB, current time: 05/26/2023 17:10:20
New DB name:   /work/RM_15.FriMay261534262023/round-3/family-528-cons-4.fa
New DB title:  /work/RM_15.FriMay261534262023/round-3/family-528-cons-4.fa
Sequence type: Nucleotide
Keep MBits: T
Maximum file size: 3000000000B
Adding sequences from FASTA; added 1 sequences in 0.000100851 seconds.




Building a new DB, current time: 05/26/2023 17:10:21
New DB name:   /work/RM_15.FriMay261534262023/round-3/family-200-cons-5.fa
New DB title:  /work/RM_15.FriMay261534262023/round-3/family-200-cons-5.fa
Sequence type: Nucleotide
Keep MBits: T
Maximum file size: 3000000000B
Adding sequences from FASTA; added 1 sequences in 9.39369e-05 seconds.




Building a new DB, current time: 05/26/2023 17:10:21
New DB name:   /work/RM_15.FriMay261534262023/round-3/family-53-cons-5.fa
New DB title:  /work/RM_15.FriMay261534262023/round-3/family-53-cons-5.fa
Sequence type: Nucleotide
Keep MBits: T
Maximum file size: 3000000000B
Adding sequences from FASTA; added 1 sequences in 9.01222e-05 seconds.




Building a new DB, current time: 05/26/2023 17:10:21
New DB name:   /work/RM_15.FriMay261534262023/round-3/family-476-cons-5.fa
New DB title:  /work/RM_15.FriMay261534262023/round-3/family-476-cons-5.fa
Sequence type: Nucleotide
Keep MBits: T
Maximum file size: 3000000000B
Adding sequences from FASTA; added 1 sequences in 9.60827e-05 seconds.




Building a new DB, current time: 05/26/2023 17:10:21
New DB name:   /work/RM_15.FriMay261534262023/round-3/family-195-cons-5.fa
New DB title:  /work/RM_15.FriMay261534262023/round-3/family-195-cons-5.fa
Sequence type: Nucleotide
Keep MBits: T
Maximum file size: 3000000000B
Adding sequences from FASTA; added 1 sequences in 9.67979e-05 seconds.




Building a new DB, current time: 05/26/2023 17:10:21
New DB name:   /work/RM_15.FriMay261534262023/round-3/family-765-cons-5.fa
New DB title:  /work/RM_15.FriMay261534262023/round-3/family-765-cons-5.fa
Sequence type: Nucleotide
Keep MBits: T
Maximum file size: 3000000000B
Adding sequences from FASTA; added 1 sequences in 8.91685e-05 seconds.




Building a new DB, current time: 05/26/2023 17:10:21
New DB name:   /work/RM_15.FriMay261534262023/round-3/family-65-cons-5.fa
New DB title:  /work/RM_15.FriMay261534262023/round-3/family-65-cons-5.fa
Sequence type: Nucleotide
Keep MBits: T
Maximum file size: 3000000000B
Adding sequences from FASTA; added 1 sequences in 0.000150919 seconds.




Building a new DB, current time: 05/26/2023 17:10:21
New DB name:   /work/RM_15.FriMay261534262023/round-3/family-55-cons-5.fa
New DB title:  /work/RM_15.FriMay261534262023/round-3/family-55-cons-5.fa
Sequence type: Nucleotide
Keep MBits: T
Maximum file size: 3000000000B
Adding sequences from FASTA; added 1 sequences in 8.98838e-05 seconds.




Building a new DB, current time: 05/26/2023 17:10:22
New DB name:   /work/RM_15.FriMay261534262023/round-3/family-768-cons-5.fa
New DB title:  /work/RM_15.FriMay261534262023/round-3/family-768-cons-5.fa
Sequence type: Nucleotide
Keep MBits: T
Maximum file size: 3000000000B
Adding sequences from FASTA; added 1 sequences in 9.48906e-05 seconds.




Building a new DB, current time: 05/26/2023 17:10:22
New DB name:   /work/RM_15.FriMay261534262023/round-3/family-528-cons-5.fa
New DB title:  /work/RM_15.FriMay261534262023/round-3/family-528-cons-5.fa
Sequence type: Nucleotide
Keep MBits: T
Maximum file size: 3000000000B
Adding sequences from FASTA; added 1 sequences in 8.98838e-05 seconds.




Building a new DB, current time: 05/26/2023 17:10:22
New DB name:   /work/RM_15.FriMay261534262023/round-3/family-200-cons-6.fa
New DB title:  /work/RM_15.FriMay261534262023/round-3/family-200-cons-6.fa
Sequence type: Nucleotide
Keep MBits: T
Maximum file size: 3000000000B
Adding sequences from FASTA; added 1 sequences in 9.60827e-05 seconds.




Building a new DB, current time: 05/26/2023 17:10:22
New DB name:   /work/RM_15.FriMay261534262023/round-3/family-53-cons-6.fa
New DB title:  /work/RM_15.FriMay261534262023/round-3/family-53-cons-6.fa
Sequence type: Nucleotide
Keep MBits: T
Maximum file size: 3000000000B
Adding sequences from FASTA; added 1 sequences in 8.79765e-05 seconds.




Building a new DB, current time: 05/26/2023 17:10:23
New DB name:   /work/RM_15.FriMay261534262023/round-3/family-476-cons-6.fa
New DB title:  /work/RM_15.FriMay261534262023/round-3/family-476-cons-6.fa
Sequence type: Nucleotide
Keep MBits: T
Maximum file size: 3000000000B
Adding sequences from FASTA; added 1 sequences in 0.00012517 seconds.




Building a new DB, current time: 05/26/2023 17:10:23
New DB name:   /work/RM_15.FriMay261534262023/round-3/family-65-cons-6.fa
New DB title:  /work/RM_15.FriMay261534262023/round-3/family-65-cons-6.fa
Sequence type: Nucleotide
Keep MBits: T
Maximum file size: 3000000000B
Adding sequences from FASTA; added 1 sequences in 0.000108957 seconds.




Building a new DB, current time: 05/26/2023 17:10:23
New DB name:   /work/RM_15.FriMay261534262023/round-3/family-55-cons-6.fa
New DB title:  /work/RM_15.FriMay261534262023/round-3/family-55-cons-6.fa
Sequence type: Nucleotide
Keep MBits: T
Maximum file size: 3000000000B
Adding sequences from FASTA; added 1 sequences in 7.70092e-05 seconds.




Building a new DB, current time: 05/26/2023 17:10:24
New DB name:   /work/RM_15.FriMay261534262023/round-3/family-46.fa
New DB title:  /work/RM_15.FriMay261534262023/round-3/family-46.fa
Sequence type: Nucleotide
Keep MBits: T
Maximum file size: 3000000000B
Adding sequences from FASTA; added 36 sequences in 0.000405073 seconds.




Building a new DB, current time: 05/26/2023 17:10:24
New DB name:   /work/RM_15.FriMay261534262023/round-3/family-200-cons-7.fa
New DB title:  /work/RM_15.FriMay261534262023/round-3/family-200-cons-7.fa
Sequence type: Nucleotide
Keep MBits: T
Maximum file size: 3000000000B
Adding sequences from FASTA; added 1 sequences in 0.000116825 seconds.




Building a new DB, current time: 05/26/2023 17:10:24
New DB name:   /work/RM_15.FriMay261534262023/round-3/family-768-cons-6.fa
New DB title:  /work/RM_15.FriMay261534262023/round-3/family-768-cons-6.fa
Sequence type: Nucleotide
Keep MBits: T
Maximum file size: 3000000000B
Adding sequences from FASTA; added 1 sequences in 8.79765e-05 seconds.




Building a new DB, current time: 05/26/2023 17:10:24
New DB name:   /work/RM_15.FriMay261534262023/round-3/family-476-cons-7.fa
New DB title:  /work/RM_15.FriMay261534262023/round-3/family-476-cons-7.fa
Sequence type: Nucleotide
Keep MBits: T
Maximum file size: 3000000000B
Adding sequences from FASTA; added 1 sequences in 9.39369e-05 seconds.




Building a new DB, current time: 05/26/2023 17:10:24
New DB name:   /work/RM_15.FriMay261534262023/round-3/family-528-cons-6.fa
New DB title:  /work/RM_15.FriMay261534262023/round-3/family-528-cons-6.fa
Sequence type: Nucleotide
Keep MBits: T
Maximum file size: 3000000000B
Adding sequences from FASTA; added 1 sequences in 8.58307e-05 seconds.




Building a new DB, current time: 05/26/2023 17:10:25
New DB name:   /work/RM_15.FriMay261534262023/round-3/family-139.fa
New DB title:  /work/RM_15.FriMay261534262023/round-3/family-139.fa
Sequence type: Nucleotide
Keep MBits: T
Maximum file size: 3000000000B
Adding sequences from FASTA; added 17 sequences in 0.00028801 seconds.




Building a new DB, current time: 05/26/2023 17:10:25
New DB name:   /work/RM_15.FriMay261534262023/round-3/family-55-cons-7.fa
New DB title:  /work/RM_15.FriMay261534262023/round-3/family-55-cons-7.fa
Sequence type: Nucleotide
Keep MBits: T
Maximum file size: 3000000000B
Adding sequences from FASTA; added 1 sequences in 8.98838e-05 seconds.




Building a new DB, current time: 05/26/2023 17:10:25
New DB name:   /work/RM_15.FriMay261534262023/round-3/family-1410.fa
New DB title:  /work/RM_15.FriMay261534262023/round-3/family-1410.fa
Sequence type: Nucleotide
Keep MBits: T
Maximum file size: 3000000000B
Adding sequences from FASTA; added 20 sequences in 0.000286102 seconds.




Building a new DB, current time: 05/26/2023 17:10:26
New DB name:   /work/RM_15.FriMay261534262023/round-3/family-200-cons-8.fa
New DB title:  /work/RM_15.FriMay261534262023/round-3/family-200-cons-8.fa
Sequence type: Nucleotide
Keep MBits: T
Maximum file size: 3000000000B
Adding sequences from FASTA; added 1 sequences in 9.20296e-05 seconds.




Building a new DB, current time: 05/26/2023 17:10:26
New DB name:   /work/RM_15.FriMay261534262023/round-3/family-768-cons-7.fa
New DB title:  /work/RM_15.FriMay261534262023/round-3/family-768-cons-7.fa
Sequence type: Nucleotide
Keep MBits: T
Maximum file size: 3000000000B
Adding sequences from FASTA; added 1 sequences in 9.29832e-05 seconds.




Building a new DB, current time: 05/26/2023 17:10:26
New DB name:   /work/RM_15.FriMay261534262023/round-3/family-46-cons-2.fa
New DB title:  /work/RM_15.FriMay261534262023/round-3/family-46-cons-2.fa
Sequence type: Nucleotide
Keep MBits: T
Maximum file size: 3000000000B
Adding sequences from FASTA; added 1 sequences in 9.70364e-05 seconds.




Building a new DB, current time: 05/26/2023 17:10:26
New DB name:   /work/RM_15.FriMay261534262023/round-3/family-476-cons-8.fa
New DB title:  /work/RM_15.FriMay261534262023/round-3/family-476-cons-8.fa
Sequence type: Nucleotide
Keep MBits: T
Maximum file size: 3000000000B
Adding sequences from FASTA; added 1 sequences in 9.70364e-05 seconds.




Building a new DB, current time: 05/26/2023 17:10:27
New DB name:   /work/RM_15.FriMay261534262023/round-3/family-139-cons-2.fa
New DB title:  /work/RM_15.FriMay261534262023/round-3/family-139-cons-2.fa
Sequence type: Nucleotide
Keep MBits: T
Maximum file size: 3000000000B
Adding sequences from FASTA; added 1 sequences in 9.01222e-05 seconds.




Building a new DB, current time: 05/26/2023 17:10:27
New DB name:   /work/RM_15.FriMay261534262023/round-3/family-55-cons-8.fa
New DB title:  /work/RM_15.FriMay261534262023/round-3/family-55-cons-8.fa
Sequence type: Nucleotide
Keep MBits: T
Maximum file size: 3000000000B
Adding sequences from FASTA; added 1 sequences in 9.20296e-05 seconds.




Building a new DB, current time: 05/26/2023 17:10:27
New DB name:   /work/RM_15.FriMay261534262023/round-3/family-528-cons-7.fa
New DB title:  /work/RM_15.FriMay261534262023/round-3/family-528-cons-7.fa
Sequence type: Nucleotide
Keep MBits: T
Maximum file size: 3000000000B
Adding sequences from FASTA; added 1 sequences in 0.000102997 seconds.




Building a new DB, current time: 05/26/2023 17:10:27
New DB name:   /work/RM_15.FriMay261534262023/round-3/family-1410-cons-2.fa
New DB title:  /work/RM_15.FriMay261534262023/round-3/family-1410-cons-2.fa
Sequence type: Nucleotide
Keep MBits: T
Maximum file size: 3000000000B
Adding sequences from FASTA; added 1 sequences in 8.51154e-05 seconds.




Building a new DB, current time: 05/26/2023 17:10:28
New DB name:   /work/RM_15.FriMay261534262023/round-3/family-46-cons-3.fa
New DB title:  /work/RM_15.FriMay261534262023/round-3/family-46-cons-3.fa
Sequence type: Nucleotide
Keep MBits: T
Maximum file size: 3000000000B
Adding sequences from FASTA; added 1 sequences in 9.08375e-05 seconds.




Building a new DB, current time: 05/26/2023 17:10:28
New DB name:   /work/RM_15.FriMay261534262023/round-3/family-768-cons-8.fa
New DB title:  /work/RM_15.FriMay261534262023/round-3/family-768-cons-8.fa
Sequence type: Nucleotide
Keep MBits: T
Maximum file size: 3000000000B
Adding sequences from FASTA; added 1 sequences in 9.01222e-05 seconds.




Building a new DB, current time: 05/26/2023 17:10:28
New DB name:   /work/RM_15.FriMay261534262023/round-3/family-476-cons-9.fa
New DB title:  /work/RM_15.FriMay261534262023/round-3/family-476-cons-9.fa
Sequence type: Nucleotide
Keep MBits: T
Maximum file size: 3000000000B
Adding sequences from FASTA; added 1 sequences in 9.48906e-05 seconds.




Building a new DB, current time: 05/26/2023 17:10:28
New DB name:   /work/RM_15.FriMay261534262023/round-3/family-139-cons-3.fa
New DB title:  /work/RM_15.FriMay261534262023/round-3/family-139-cons-3.fa
Sequence type: Nucleotide
Keep MBits: T
Maximum file size: 3000000000B
Adding sequences from FASTA; added 1 sequences in 0.000111103 seconds.




Building a new DB, current time: 05/26/2023 17:10:29
New DB name:   /work/RM_15.FriMay261534262023/round-3/family-528-cons-8.fa
New DB title:  /work/RM_15.FriMay261534262023/round-3/family-528-cons-8.fa
Sequence type: Nucleotide
Keep MBits: T
Maximum file size: 3000000000B
Adding sequences from FASTA; added 1 sequences in 0.000106096 seconds.




Building a new DB, current time: 05/26/2023 17:10:30
New DB name:   /work/RM_15.FriMay261534262023/round-3/family-1410-cons-3.fa
New DB title:  /work/RM_15.FriMay261534262023/round-3/family-1410-cons-3.fa
Sequence type: Nucleotide
Keep MBits: T
Maximum file size: 3000000000B
Adding sequences from FASTA; added 1 sequences in 9.5129e-05 seconds.




Building a new DB, current time: 05/26/2023 17:10:30
New DB name:   /work/RM_15.FriMay261534262023/round-3/family-139-cons-4.fa
New DB title:  /work/RM_15.FriMay261534262023/round-3/family-139-cons-4.fa
Sequence type: Nucleotide
Keep MBits: T
Maximum file size: 3000000000B
Adding sequences from FASTA; added 1 sequences in 9.01222e-05 seconds.




Building a new DB, current time: 05/26/2023 17:10:31
New DB name:   /work/RM_15.FriMay261534262023/round-3/family-46-cons-4.fa
New DB title:  /work/RM_15.FriMay261534262023/round-3/family-46-cons-4.fa
Sequence type: Nucleotide
Keep MBits: T
Maximum file size: 3000000000B
Adding sequences from FASTA; added 1 sequences in 9.60827e-05 seconds.




Building a new DB, current time: 05/26/2023 17:10:32
New DB name:   /work/RM_15.FriMay261534262023/round-3/family-1410-cons-4.fa
New DB title:  /work/RM_15.FriMay261534262023/round-3/family-1410-cons-4.fa
Sequence type: Nucleotide
Keep MBits: T
Maximum file size: 3000000000B
Adding sequences from FASTA; added 1 sequences in 9.41753e-05 seconds.




Building a new DB, current time: 05/26/2023 17:10:32
New DB name:   /work/RM_15.FriMay261534262023/round-3/family-139-cons-5.fa
New DB title:  /work/RM_15.FriMay261534262023/round-3/family-139-cons-5.fa
Sequence type: Nucleotide
Keep MBits: T
Maximum file size: 3000000000B
Adding sequences from FASTA; added 1 sequences in 9.01222e-05 seconds.




Building a new DB, current time: 05/26/2023 17:10:32
New DB name:   /work/RM_15.FriMay261534262023/round-3/family-46-cons-5.fa
New DB title:  /work/RM_15.FriMay261534262023/round-3/family-46-cons-5.fa
Sequence type: Nucleotide
Keep MBits: T
Maximum file size: 3000000000B
Adding sequences from FASTA; added 1 sequences in 8.98838e-05 seconds.




Building a new DB, current time: 05/26/2023 17:10:33
New DB name:   /work/RM_15.FriMay261534262023/round-3/family-1410-cons-5.fa
New DB title:  /work/RM_15.FriMay261534262023/round-3/family-1410-cons-5.fa
Sequence type: Nucleotide
Keep MBits: T
Maximum file size: 3000000000B
Adding sequences from FASTA; added 1 sequences in 9.41753e-05 seconds.




Building a new DB, current time: 05/26/2023 17:10:34
New DB name:   /work/RM_15.FriMay261534262023/round-3/family-139-cons-6.fa
New DB title:  /work/RM_15.FriMay261534262023/round-3/family-139-cons-6.fa
Sequence type: Nucleotide
Keep MBits: T
Maximum file size: 3000000000B
Adding sequences from FASTA; added 1 sequences in 9.01222e-05 seconds.




Building a new DB, current time: 05/26/2023 17:10:34
New DB name:   /work/RM_15.FriMay261534262023/round-3/family-46-cons-6.fa
New DB title:  /work/RM_15.FriMay261534262023/round-3/family-46-cons-6.fa
Sequence type: Nucleotide
Keep MBits: T
Maximum file size: 3000000000B
Adding sequences from FASTA; added 1 sequences in 8.79765e-05 seconds.




Building a new DB, current time: 05/26/2023 17:10:36
New DB name:   /work/RM_15.FriMay261534262023/round-3/family-46-cons-7.fa
New DB title:  /work/RM_15.FriMay261534262023/round-3/family-46-cons-7.fa
Sequence type: Nucleotide
Keep MBits: T
Maximum file size: 3000000000B
Adding sequences from FASTA; added 1 sequences in 9.39369e-05 seconds.


